CRITICAL - 2021-04-27 02:20:15 --> Undefined variable: data
#0 C:\xampp\htdocs\apotek-karya-husada\app\Views\admin\master\v_dobat.php(46): CodeIgniter\Debug\Exceptions->errorHandler(8, 'Undefined varia...', 'C:\\xampp\\htdocs...', 46, Array)
#1 C:\xampp\htdocs\apotek-karya-husada\system\View\View.php(246): include('C:\\xampp\\htdocs...')
#2 C:\xampp\htdocs\apotek-karya-husada\system\Common.php(1119): CodeIgniter\View\View->render('admin/master/v_...', Array, true)
#3 C:\xampp\htdocs\apotek-karya-husada\app\Controllers\Admin.php(42): view('admin/master/v_...', Array)
#4 C:\xampp\htdocs\apotek-karya-husada\system\CodeIgniter.php(920): App\Controllers\Admin->dobat()
#5 C:\xampp\htdocs\apotek-karya-husada\system\CodeIgniter.php(406): CodeIgniter\CodeIgniter->runController(Object(App\Controllers\Admin))
#6 C:\xampp\htdocs\apotek-karya-husada\system\CodeIgniter.php(314): CodeIgniter\CodeIgniter->handleRequest(NULL, Object(Config\Cache), false)
#7 C:\xampp\htdocs\apotek-karya-husada\public\index.php(45): CodeIgniter\CodeIgniter->run()
#8 C:\xampp\htdocs\apotek-karya-husada\system\Commands\Server\rewrite.php(34): require_once('C:\\xampp\\htdocs...')
#9 {main}
CRITICAL - 2021-04-27 02:22:22 --> Undefined variable: data
#0 C:\xampp\htdocs\apotek-karya-husada\app\Views\admin\master\v_dobat.php(47): CodeIgniter\Debug\Exceptions->errorHandler(8, 'Undefined varia...', 'C:\\xampp\\htdocs...', 47, Array)
#1 C:\xampp\htdocs\apotek-karya-husada\system\View\View.php(246): include('C:\\xampp\\htdocs...')
#2 C:\xampp\htdocs\apotek-karya-husada\system\Common.php(1119): CodeIgniter\View\View->render('admin/master/v_...', Array, true)
#3 C:\xampp\htdocs\apotek-karya-husada\app\Controllers\Admin.php(42): view('admin/master/v_...', Array)
#4 C:\xampp\htdocs\apotek-karya-husada\system\CodeIgniter.php(920): App\Controllers\Admin->dobat()
#5 C:\xampp\htdocs\apotek-karya-husada\system\CodeIgniter.php(406): CodeIgniter\CodeIgniter->runController(Object(App\Controllers\Admin))
#6 C:\xampp\htdocs\apotek-karya-husada\system\CodeIgniter.php(314): CodeIgniter\CodeIgniter->handleRequest(NULL, Object(Config\Cache), false)
#7 C:\xampp\htdocs\apotek-karya-husada\public\index.php(45): CodeIgniter\CodeIgniter->run()
#8 C:\xampp\htdocs\apotek-karya-husada\system\Commands\Server\rewrite.php(34): require_once('C:\\xampp\\htdocs...')
#9 {main}
CRITICAL - 2021-04-27 02:22:48 --> Undefined variable: aa
#0 C:\xampp\htdocs\apotek-karya-husada\app\Views\admin\master\v_dobat.php(47): CodeIgniter\Debug\Exceptions->errorHandler(8, 'Undefined varia...', 'C:\\xampp\\htdocs...', 47, Array)
#1 C:\xampp\htdocs\apotek-karya-husada\system\View\View.php(246): include('C:\\xampp\\htdocs...')
#2 C:\xampp\htdocs\apotek-karya-husada\system\Common.php(1119): CodeIgniter\View\View->render('admin/master/v_...', Array, true)
#3 C:\xampp\htdocs\apotek-karya-husada\app\Controllers\Admin.php(42): view('admin/master/v_...', Array)
#4 C:\xampp\htdocs\apotek-karya-husada\system\CodeIgniter.php(920): App\Controllers\Admin->dobat()
#5 C:\xampp\htdocs\apotek-karya-husada\system\CodeIgniter.php(406): CodeIgniter\CodeIgniter->runController(Object(App\Controllers\Admin))
#6 C:\xampp\htdocs\apotek-karya-husada\system\CodeIgniter.php(314): CodeIgniter\CodeIgniter->handleRequest(NULL, Object(Config\Cache), false)
#7 C:\xampp\htdocs\apotek-karya-husada\public\index.php(45): CodeIgniter\CodeIgniter->run()
#8 C:\xampp\htdocs\apotek-karya-husada\system\Commands\Server\rewrite.php(34): require_once('C:\\xampp\\htdocs...')
#9 {main}
CRITICAL - 2021-04-27 02:22:49 --> Undefined variable: aa
#0 C:\xampp\htdocs\apotek-karya-husada\app\Views\admin\master\v_dobat.php(47): CodeIgniter\Debug\Exceptions->errorHandler(8, 'Undefined varia...', 'C:\\xampp\\htdocs...', 47, Array)
#1 C:\xampp\htdocs\apotek-karya-husada\system\View\View.php(246): include('C:\\xampp\\htdocs...')
#2 C:\xampp\htdocs\apotek-karya-husada\system\Common.php(1119): CodeIgniter\View\View->render('admin/master/v_...', Array, true)
#3 C:\xampp\htdocs\apotek-karya-husada\app\Controllers\Admin.php(42): view('admin/master/v_...', Array)
#4 C:\xampp\htdocs\apotek-karya-husada\system\CodeIgniter.php(920): App\Controllers\Admin->dobat()
#5 C:\xampp\htdocs\apotek-karya-husada\system\CodeIgniter.php(406): CodeIgniter\CodeIgniter->runController(Object(App\Controllers\Admin))
#6 C:\xampp\htdocs\apotek-karya-husada\system\CodeIgniter.php(314): CodeIgniter\CodeIgniter->handleRequest(NULL, Object(Config\Cache), false)
#7 C:\xampp\htdocs\apotek-karya-husada\public\index.php(45): CodeIgniter\CodeIgniter->run()
#8 C:\xampp\htdocs\apotek-karya-husada\system\Commands\Server\rewrite.php(34): require_once('C:\\xampp\\htdocs...')
#9 {main}
CRITICAL - 2021-04-27 02:23:19 --> You must set the database table to be used with your query.
#0 C:\xampp\htdocs\apotek-karya-husada\system\Model.php(1237): CodeIgniter\Database\BaseConnection->table(NULL)
#1 C:\xampp\htdocs\apotek-karya-husada\system\Model.php(454): CodeIgniter\Model->builder()
#2 C:\xampp\htdocs\apotek-karya-husada\app\Models\M_obat.php(10): CodeIgniter\Model->findAll()
#3 C:\xampp\htdocs\apotek-karya-husada\app\Controllers\Admin.php(40): App\Models\M_obat->ambilData()
#4 C:\xampp\htdocs\apotek-karya-husada\system\CodeIgniter.php(920): App\Controllers\Admin->dobat()
#5 C:\xampp\htdocs\apotek-karya-husada\system\CodeIgniter.php(406): CodeIgniter\CodeIgniter->runController(Object(App\Controllers\Admin))
#6 C:\xampp\htdocs\apotek-karya-husada\system\CodeIgniter.php(314): CodeIgniter\CodeIgniter->handleRequest(NULL, Object(Config\Cache), false)
#7 C:\xampp\htdocs\apotek-karya-husada\public\index.php(45): CodeIgniter\CodeIgniter->run()
#8 C:\xampp\htdocs\apotek-karya-husada\system\Commands\Server\rewrite.php(34): require_once('C:\\xampp\\htdocs...')
#9 {main}
CRITICAL - 2021-04-27 02:23:49 --> You must set the database table to be used with your query.
#0 C:\xampp\htdocs\apotek-karya-husada\system\Model.php(1237): CodeIgniter\Database\BaseConnection->table(NULL)
#1 C:\xampp\htdocs\apotek-karya-husada\system\Model.php(454): CodeIgniter\Model->builder()
#2 C:\xampp\htdocs\apotek-karya-husada\app\Models\M_obat.php(10): CodeIgniter\Model->findAll()
#3 C:\xampp\htdocs\apotek-karya-husada\app\Controllers\Admin.php(40): App\Models\M_obat->ambilData()
#4 C:\xampp\htdocs\apotek-karya-husada\system\CodeIgniter.php(920): App\Controllers\Admin->dobat()
#5 C:\xampp\htdocs\apotek-karya-husada\system\CodeIgniter.php(406): CodeIgniter\CodeIgniter->runController(Object(App\Controllers\Admin))
#6 C:\xampp\htdocs\apotek-karya-husada\system\CodeIgniter.php(314): CodeIgniter\CodeIgniter->handleRequest(NULL, Object(Config\Cache), false)
#7 C:\xampp\htdocs\apotek-karya-husada\public\index.php(45): CodeIgniter\CodeIgniter->run()
#8 C:\xampp\htdocs\apotek-karya-husada\system\Commands\Server\rewrite.php(34): require_once('C:\\xampp\\htdocs...')
#9 {main}
CRITICAL - 2021-04-27 02:24:23 --> Use of undefined constant db_obat - assumed 'db_obat' (this will throw an Error in a future version of PHP)
#0 C:\xampp\htdocs\apotek-karya-husada\app\Controllers\Admin.php(13): CodeIgniter\Debug\Exceptions->errorHandler(2, 'Use of undefine...', 'C:\\xampp\\htdocs...', 13, Array)
#1 C:\xampp\htdocs\apotek-karya-husada\system\CodeIgniter.php(892): App\Controllers\Admin->__construct()
#2 C:\xampp\htdocs\apotek-karya-husada\system\CodeIgniter.php(401): CodeIgniter\CodeIgniter->createController()
#3 C:\xampp\htdocs\apotek-karya-husada\system\CodeIgniter.php(314): CodeIgniter\CodeIgniter->handleRequest(NULL, Object(Config\Cache), false)
#4 C:\xampp\htdocs\apotek-karya-husada\public\index.php(45): CodeIgniter\CodeIgniter->run()
#5 C:\xampp\htdocs\apotek-karya-husada\system\Commands\Server\rewrite.php(34): require_once('C:\\xampp\\htdocs...')
#6 {main}
CRITICAL - 2021-04-27 02:25:52 --> Use of undefined constant db_obat - assumed 'db_obat' (this will throw an Error in a future version of PHP)
#0 C:\xampp\htdocs\apotek-karya-husada\app\Controllers\Admin.php(13): CodeIgniter\Debug\Exceptions->errorHandler(2, 'Use of undefine...', 'C:\\xampp\\htdocs...', 13, Array)
#1 C:\xampp\htdocs\apotek-karya-husada\system\CodeIgniter.php(892): App\Controllers\Admin->__construct()
#2 C:\xampp\htdocs\apotek-karya-husada\system\CodeIgniter.php(401): CodeIgniter\CodeIgniter->createController()
#3 C:\xampp\htdocs\apotek-karya-husada\system\CodeIgniter.php(314): CodeIgniter\CodeIgniter->handleRequest(NULL, Object(Config\Cache), false)
#4 C:\xampp\htdocs\apotek-karya-husada\public\index.php(45): CodeIgniter\CodeIgniter->run()
#5 C:\xampp\htdocs\apotek-karya-husada\system\Commands\Server\rewrite.php(34): require_once('C:\\xampp\\htdocs...')
#6 {main}
CRITICAL - 2021-04-27 02:26:53 --> Use of undefined constant db_obat - assumed 'db_obat' (this will throw an Error in a future version of PHP)
#0 C:\xampp\htdocs\apotek-karya-husada\app\Controllers\Admin.php(13): CodeIgniter\Debug\Exceptions->errorHandler(2, 'Use of undefine...', 'C:\\xampp\\htdocs...', 13, Array)
#1 C:\xampp\htdocs\apotek-karya-husada\system\CodeIgniter.php(892): App\Controllers\Admin->__construct()
#2 C:\xampp\htdocs\apotek-karya-husada\system\CodeIgniter.php(401): CodeIgniter\CodeIgniter->createController()
#3 C:\xampp\htdocs\apotek-karya-husada\system\CodeIgniter.php(314): CodeIgniter\CodeIgniter->handleRequest(NULL, Object(Config\Cache), false)
#4 C:\xampp\htdocs\apotek-karya-husada\public\index.php(45): CodeIgniter\CodeIgniter->run()
#5 C:\xampp\htdocs\apotek-karya-husada\system\Commands\Server\rewrite.php(34): require_once('C:\\xampp\\htdocs...')
#6 {main}
CRITICAL - 2021-04-27 02:29:04 --> Use of undefined constant tb_obat - assumed 'tb_obat' (this will throw an Error in a future version of PHP)
#0 C:\xampp\htdocs\apotek-karya-husada\app\Controllers\Admin.php(13): CodeIgniter\Debug\Exceptions->errorHandler(2, 'Use of undefine...', 'C:\\xampp\\htdocs...', 13, Array)
#1 C:\xampp\htdocs\apotek-karya-husada\system\CodeIgniter.php(892): App\Controllers\Admin->__construct()
#2 C:\xampp\htdocs\apotek-karya-husada\system\CodeIgniter.php(401): CodeIgniter\CodeIgniter->createController()
#3 C:\xampp\htdocs\apotek-karya-husada\system\CodeIgniter.php(314): CodeIgniter\CodeIgniter->handleRequest(NULL, Object(Config\Cache), false)
#4 C:\xampp\htdocs\apotek-karya-husada\public\index.php(45): CodeIgniter\CodeIgniter->run()
#5 C:\xampp\htdocs\apotek-karya-husada\system\Commands\Server\rewrite.php(34): require_once('C:\\xampp\\htdocs...')
#6 {main}
CRITICAL - 2021-04-27 02:29:22 --> Use of undefined constant tb_obat - assumed 'tb_obat' (this will throw an Error in a future version of PHP)
#0 C:\xampp\htdocs\apotek-karya-husada\app\Controllers\Admin.php(13): CodeIgniter\Debug\Exceptions->errorHandler(2, 'Use of undefine...', 'C:\\xampp\\htdocs...', 13, Array)
#1 C:\xampp\htdocs\apotek-karya-husada\system\CodeIgniter.php(892): App\Controllers\Admin->__construct()
#2 C:\xampp\htdocs\apotek-karya-husada\system\CodeIgniter.php(401): CodeIgniter\CodeIgniter->createController()
#3 C:\xampp\htdocs\apotek-karya-husada\system\CodeIgniter.php(314): CodeIgniter\CodeIgniter->handleRequest(NULL, Object(Config\Cache), false)
#4 C:\xampp\htdocs\apotek-karya-husada\public\index.php(45): CodeIgniter\CodeIgniter->run()
#5 C:\xampp\htdocs\apotek-karya-husada\system\Commands\Server\rewrite.php(34): require_once('C:\\xampp\\htdocs...')
#6 {main}
CRITICAL - 2021-04-27 02:29:26 --> Use of undefined constant tb_obat - assumed 'tb_obat' (this will throw an Error in a future version of PHP)
#0 C:\xampp\htdocs\apotek-karya-husada\app\Controllers\Admin.php(13): CodeIgniter\Debug\Exceptions->errorHandler(2, 'Use of undefine...', 'C:\\xampp\\htdocs...', 13, Array)
#1 C:\xampp\htdocs\apotek-karya-husada\system\CodeIgniter.php(892): App\Controllers\Admin->__construct()
#2 C:\xampp\htdocs\apotek-karya-husada\system\CodeIgniter.php(401): CodeIgniter\CodeIgniter->createController()
#3 C:\xampp\htdocs\apotek-karya-husada\system\CodeIgniter.php(314): CodeIgniter\CodeIgniter->handleRequest(NULL, Object(Config\Cache), false)
#4 C:\xampp\htdocs\apotek-karya-husada\public\index.php(45): CodeIgniter\CodeIgniter->run()
#5 C:\xampp\htdocs\apotek-karya-husada\system\Commands\Server\rewrite.php(34): require_once('C:\\xampp\\htdocs...')
#6 {main}
CRITICAL - 2021-04-27 02:29:30 --> Use of undefined constant tb_obat - assumed 'tb_obat' (this will throw an Error in a future version of PHP)
#0 C:\xampp\htdocs\apotek-karya-husada\app\Controllers\Admin.php(13): CodeIgniter\Debug\Exceptions->errorHandler(2, 'Use of undefine...', 'C:\\xampp\\htdocs...', 13, Array)
#1 C:\xampp\htdocs\apotek-karya-husada\system\CodeIgniter.php(892): App\Controllers\Admin->__construct()
#2 C:\xampp\htdocs\apotek-karya-husada\system\CodeIgniter.php(401): CodeIgniter\CodeIgniter->createController()
#3 C:\xampp\htdocs\apotek-karya-husada\system\CodeIgniter.php(314): CodeIgniter\CodeIgniter->handleRequest(NULL, Object(Config\Cache), false)
#4 C:\xampp\htdocs\apotek-karya-husada\public\index.php(45): CodeIgniter\CodeIgniter->run()
#5 C:\xampp\htdocs\apotek-karya-husada\system\Commands\Server\rewrite.php(34): require_once('C:\\xampp\\htdocs...')
#6 {main}
CRITICAL - 2021-04-27 02:30:39 --> Use of undefined constant tb_obat - assumed 'tb_obat' (this will throw an Error in a future version of PHP)
#0 C:\xampp\htdocs\apotek-karya-husada\app\Controllers\Admin.php(13): CodeIgniter\Debug\Exceptions->errorHandler(2, 'Use of undefine...', 'C:\\xampp\\htdocs...', 13, Array)
#1 C:\xampp\htdocs\apotek-karya-husada\system\CodeIgniter.php(892): App\Controllers\Admin->__construct()
#2 C:\xampp\htdocs\apotek-karya-husada\system\CodeIgniter.php(401): CodeIgniter\CodeIgniter->createController()
#3 C:\xampp\htdocs\apotek-karya-husada\system\CodeIgniter.php(314): CodeIgniter\CodeIgniter->handleRequest(NULL, Object(Config\Cache), false)
#4 C:\xampp\htdocs\apotek-karya-husada\public\index.php(45): CodeIgniter\CodeIgniter->run()
#5 C:\xampp\htdocs\apotek-karya-husada\system\Commands\Server\rewrite.php(34): require_once('C:\\xampp\\htdocs...')
#6 {main}
CRITICAL - 2021-04-27 02:30:41 --> Use of undefined constant tb_obat - assumed 'tb_obat' (this will throw an Error in a future version of PHP)
#0 C:\xampp\htdocs\apotek-karya-husada\app\Controllers\Admin.php(13): CodeIgniter\Debug\Exceptions->errorHandler(2, 'Use of undefine...', 'C:\\xampp\\htdocs...', 13, Array)
#1 C:\xampp\htdocs\apotek-karya-husada\system\CodeIgniter.php(892): App\Controllers\Admin->__construct()
#2 C:\xampp\htdocs\apotek-karya-husada\system\CodeIgniter.php(401): CodeIgniter\CodeIgniter->createController()
#3 C:\xampp\htdocs\apotek-karya-husada\system\CodeIgniter.php(314): CodeIgniter\CodeIgniter->handleRequest(NULL, Object(Config\Cache), false)
#4 C:\xampp\htdocs\apotek-karya-husada\public\index.php(45): CodeIgniter\CodeIgniter->run()
#5 C:\xampp\htdocs\apotek-karya-husada\system\Commands\Server\rewrite.php(34): require_once('C:\\xampp\\htdocs...')
#6 {main}
CRITICAL - 2021-04-27 02:32:56 --> Use of undefined constant tb_obat - assumed 'tb_obat' (this will throw an Error in a future version of PHP)
#0 C:\xampp\htdocs\apotek-karya-husada\app\Controllers\Admin.php(13): CodeIgniter\Debug\Exceptions->errorHandler(2, 'Use of undefine...', 'C:\\xampp\\htdocs...', 13, Array)
#1 C:\xampp\htdocs\apotek-karya-husada\system\CodeIgniter.php(892): App\Controllers\Admin->__construct()
#2 C:\xampp\htdocs\apotek-karya-husada\system\CodeIgniter.php(401): CodeIgniter\CodeIgniter->createController()
#3 C:\xampp\htdocs\apotek-karya-husada\system\CodeIgniter.php(314): CodeIgniter\CodeIgniter->handleRequest(NULL, Object(Config\Cache), false)
#4 C:\xampp\htdocs\apotek-karya-husada\public\index.php(45): CodeIgniter\CodeIgniter->run()
#5 C:\xampp\htdocs\apotek-karya-husada\system\Commands\Server\rewrite.php(34): require_once('C:\\xampp\\htdocs...')
#6 {main}
CRITICAL - 2021-04-27 23:01:00 --> Undefined variable: title
#0 C:\xampp\htdocs\apotek-karya-husada\app\Views\login\v_login.php(7): CodeIgniter\Debug\Exceptions->errorHandler(8, 'Undefined varia...', 'C:\\xampp\\htdocs...', 7, Array)
#1 C:\xampp\htdocs\apotek-karya-husada\system\View\View.php(246): include('C:\\xampp\\htdocs...')
#2 C:\xampp\htdocs\apotek-karya-husada\system\Common.php(1119): CodeIgniter\View\View->render('login/v_login', Array, true)
#3 C:\xampp\htdocs\apotek-karya-husada\app\Controllers\Login.php(12): view('login/v_login')
#4 C:\xampp\htdocs\apotek-karya-husada\system\CodeIgniter.php(920): App\Controllers\Login->index()
#5 C:\xampp\htdocs\apotek-karya-husada\system\CodeIgniter.php(406): CodeIgniter\CodeIgniter->runController(Object(App\Controllers\Login))
#6 C:\xampp\htdocs\apotek-karya-husada\system\CodeIgniter.php(314): CodeIgniter\CodeIgniter->handleRequest(NULL, Object(Config\Cache), false)
#7 C:\xampp\htdocs\apotek-karya-husada\public\index.php(45): CodeIgniter\CodeIgniter->run()
#8 C:\xampp\htdocs\apotek-karya-husada\system\Commands\Server\rewrite.php(34): require_once('C:\\xampp\\htdocs...')
#9 {main}
