CRITICAL - 2021-05-21 21:37:11 --> Unable to connect to the database.
#0 C:\xampp\htdocs\apotek-karya-husada\system\Database\BaseConnection.php(646): CodeIgniter\Database\BaseConnection->initialize()
#1 C:\xampp\htdocs\apotek-karya-husada\system\Database\BaseBuilder.php(1860): CodeIgniter\Database\BaseConnection->query('SELECT right(kd...', Array, false)
#2 C:\xampp\htdocs\apotek-karya-husada\app\Models\M_obat.php(39): CodeIgniter\Database\BaseBuilder->get()
#3 C:\xampp\htdocs\apotek-karya-husada\app\Controllers\Admin.php(54): App\Models\M_obat->autonumber()
#4 C:\xampp\htdocs\apotek-karya-husada\system\CodeIgniter.php(920): App\Controllers\Admin->dobat()
#5 C:\xampp\htdocs\apotek-karya-husada\system\CodeIgniter.php(406): CodeIgniter\CodeIgniter->runController(Object(App\Controllers\Admin))
#6 C:\xampp\htdocs\apotek-karya-husada\system\CodeIgniter.php(314): CodeIgniter\CodeIgniter->handleRequest(NULL, Object(Config\Cache), false)
#7 C:\xampp\htdocs\apotek-karya-husada\public\index.php(45): CodeIgniter\CodeIgniter->run()
#8 C:\xampp\htdocs\apotek-karya-husada\system\Commands\Server\rewrite.php(34): require_once('C:\\xampp\\htdocs...')
#9 {main}
CRITICAL - 2021-05-21 21:37:11 --> Uncaught ErrorException: print_r(): Property access is not allowed yet in C:\xampp\htdocs\apotek-karya-husada\app\Views\errors\html\error_exception.php:100
Stack trace:
#0 [internal function]: CodeIgniter\Debug\Exceptions->errorHandler(2, 'print_r(): Prop...', 'C:\\xampp\\htdocs...', 100, Array)
#1 C:\xampp\htdocs\apotek-karya-husada\app\Views\errors\html\error_exception.php(100): print_r(Object(App\Controllers\Admin), true)
#2 C:\xampp\htdocs\apotek-karya-husada\system\Debug\Exceptions.php(308): include('C:\\xampp\\htdocs...')
#3 C:\xampp\htdocs\apotek-karya-husada\system\Debug\Exceptions.php(174): CodeIgniter\Debug\Exceptions->render(Object(CodeIgniter\Database\Exceptions\DatabaseException), 500)
#4 [internal function]: CodeIgniter\Debug\Exceptions->exceptionHandler(Object(CodeIgniter\Database\Exceptions\DatabaseException))
#5 {main}
  thrown
#0 [internal function]: CodeIgniter\Debug\Exceptions->shutdownHandler()
#1 {main}
CRITICAL - 2021-05-21 22:08:17 --> Table 'apotek.tb_supplier' doesn't exist
#0 C:\xampp\htdocs\apotek-karya-husada\system\Database\MySQLi\Connection.php(331): mysqli->query('SELECT right(kd...')
#1 C:\xampp\htdocs\apotek-karya-husada\system\Database\BaseConnection.php(741): CodeIgniter\Database\MySQLi\Connection->execute('SELECT right(kd...')
#2 C:\xampp\htdocs\apotek-karya-husada\system\Database\BaseConnection.php(669): CodeIgniter\Database\BaseConnection->simpleQuery('SELECT right(kd...')
#3 C:\xampp\htdocs\apotek-karya-husada\system\Database\BaseBuilder.php(1860): CodeIgniter\Database\BaseConnection->query('SELECT right(kd...', Array, false)
#4 C:\xampp\htdocs\apotek-karya-husada\app\Models\M_suplier.php(39): CodeIgniter\Database\BaseBuilder->get()
#5 C:\xampp\htdocs\apotek-karya-husada\app\Controllers\Admin.php(187): App\Models\M_suplier->autonumber()
#6 C:\xampp\htdocs\apotek-karya-husada\system\CodeIgniter.php(920): App\Controllers\Admin->tsupplier()
#7 C:\xampp\htdocs\apotek-karya-husada\system\CodeIgniter.php(406): CodeIgniter\CodeIgniter->runController(Object(App\Controllers\Admin))
#8 C:\xampp\htdocs\apotek-karya-husada\system\CodeIgniter.php(314): CodeIgniter\CodeIgniter->handleRequest(NULL, Object(Config\Cache), false)
#9 C:\xampp\htdocs\apotek-karya-husada\public\index.php(45): CodeIgniter\CodeIgniter->run()
#10 C:\xampp\htdocs\apotek-karya-husada\system\Commands\Server\rewrite.php(34): require_once('C:\\xampp\\htdocs...')
#11 {main}
CRITICAL - 2021-05-21 22:08:28 --> Table 'apotek.tb_supplier' doesn't exist
#0 C:\xampp\htdocs\apotek-karya-husada\system\Database\MySQLi\Connection.php(331): mysqli->query('SELECT right(kd...')
#1 C:\xampp\htdocs\apotek-karya-husada\system\Database\BaseConnection.php(741): CodeIgniter\Database\MySQLi\Connection->execute('SELECT right(kd...')
#2 C:\xampp\htdocs\apotek-karya-husada\system\Database\BaseConnection.php(669): CodeIgniter\Database\BaseConnection->simpleQuery('SELECT right(kd...')
#3 C:\xampp\htdocs\apotek-karya-husada\system\Database\BaseBuilder.php(1860): CodeIgniter\Database\BaseConnection->query('SELECT right(kd...', Array, false)
#4 C:\xampp\htdocs\apotek-karya-husada\app\Models\M_suplier.php(39): CodeIgniter\Database\BaseBuilder->get()
#5 C:\xampp\htdocs\apotek-karya-husada\app\Controllers\Admin.php(187): App\Models\M_suplier->autonumber()
#6 C:\xampp\htdocs\apotek-karya-husada\system\CodeIgniter.php(920): App\Controllers\Admin->tsupplier()
#7 C:\xampp\htdocs\apotek-karya-husada\system\CodeIgniter.php(406): CodeIgniter\CodeIgniter->runController(Object(App\Controllers\Admin))
#8 C:\xampp\htdocs\apotek-karya-husada\system\CodeIgniter.php(314): CodeIgniter\CodeIgniter->handleRequest(NULL, Object(Config\Cache), false)
#9 C:\xampp\htdocs\apotek-karya-husada\public\index.php(45): CodeIgniter\CodeIgniter->run()
#10 C:\xampp\htdocs\apotek-karya-husada\system\Commands\Server\rewrite.php(34): require_once('C:\\xampp\\htdocs...')
#11 {main}
CRITICAL - 2021-05-21 22:08:35 --> Table 'apotek.tb_supplier' doesn't exist
#0 C:\xampp\htdocs\apotek-karya-husada\system\Database\MySQLi\Connection.php(331): mysqli->query('SELECT *\nFROM `...')
#1 C:\xampp\htdocs\apotek-karya-husada\system\Database\BaseConnection.php(741): CodeIgniter\Database\MySQLi\Connection->execute('SELECT *\nFROM `...')
#2 C:\xampp\htdocs\apotek-karya-husada\system\Database\BaseConnection.php(669): CodeIgniter\Database\BaseConnection->simpleQuery('SELECT *\nFROM `...')
#3 C:\xampp\htdocs\apotek-karya-husada\system\Database\BaseBuilder.php(1860): CodeIgniter\Database\BaseConnection->query('SELECT *\nFROM `...', Array, false)
#4 C:\xampp\htdocs\apotek-karya-husada\app\Models\M_suplier.php(14): CodeIgniter\Database\BaseBuilder->get()
#5 C:\xampp\htdocs\apotek-karya-husada\app\Controllers\Admin.php(178): App\Models\M_suplier->ambilData()
#6 C:\xampp\htdocs\apotek-karya-husada\system\CodeIgniter.php(920): App\Controllers\Admin->dsupplier()
#7 C:\xampp\htdocs\apotek-karya-husada\system\CodeIgniter.php(406): CodeIgniter\CodeIgniter->runController(Object(App\Controllers\Admin))
#8 C:\xampp\htdocs\apotek-karya-husada\system\CodeIgniter.php(314): CodeIgniter\CodeIgniter->handleRequest(NULL, Object(Config\Cache), false)
#9 C:\xampp\htdocs\apotek-karya-husada\public\index.php(45): CodeIgniter\CodeIgniter->run()
#10 C:\xampp\htdocs\apotek-karya-husada\system\Commands\Server\rewrite.php(34): require_once('C:\\xampp\\htdocs...')
#11 {main}
CRITICAL - 2021-05-21 22:08:36 --> Table 'apotek.tb_supplier' doesn't exist
#0 C:\xampp\htdocs\apotek-karya-husada\system\Database\MySQLi\Connection.php(331): mysqli->query('SELECT *\nFROM `...')
#1 C:\xampp\htdocs\apotek-karya-husada\system\Database\BaseConnection.php(741): CodeIgniter\Database\MySQLi\Connection->execute('SELECT *\nFROM `...')
#2 C:\xampp\htdocs\apotek-karya-husada\system\Database\BaseConnection.php(669): CodeIgniter\Database\BaseConnection->simpleQuery('SELECT *\nFROM `...')
#3 C:\xampp\htdocs\apotek-karya-husada\system\Database\BaseBuilder.php(1860): CodeIgniter\Database\BaseConnection->query('SELECT *\nFROM `...', Array, false)
#4 C:\xampp\htdocs\apotek-karya-husada\app\Models\M_suplier.php(14): CodeIgniter\Database\BaseBuilder->get()
#5 C:\xampp\htdocs\apotek-karya-husada\app\Controllers\Admin.php(178): App\Models\M_suplier->ambilData()
#6 C:\xampp\htdocs\apotek-karya-husada\system\CodeIgniter.php(920): App\Controllers\Admin->dsupplier()
#7 C:\xampp\htdocs\apotek-karya-husada\system\CodeIgniter.php(406): CodeIgniter\CodeIgniter->runController(Object(App\Controllers\Admin))
#8 C:\xampp\htdocs\apotek-karya-husada\system\CodeIgniter.php(314): CodeIgniter\CodeIgniter->handleRequest(NULL, Object(Config\Cache), false)
#9 C:\xampp\htdocs\apotek-karya-husada\public\index.php(45): CodeIgniter\CodeIgniter->run()
#10 C:\xampp\htdocs\apotek-karya-husada\system\Commands\Server\rewrite.php(34): require_once('C:\\xampp\\htdocs...')
#11 {main}
CRITICAL - 2021-05-21 22:08:44 --> Table 'apotek.tb_supplier' doesn't exist
#0 C:\xampp\htdocs\apotek-karya-husada\system\Database\MySQLi\Connection.php(331): mysqli->query('SELECT right(kd...')
#1 C:\xampp\htdocs\apotek-karya-husada\system\Database\BaseConnection.php(741): CodeIgniter\Database\MySQLi\Connection->execute('SELECT right(kd...')
#2 C:\xampp\htdocs\apotek-karya-husada\system\Database\BaseConnection.php(669): CodeIgniter\Database\BaseConnection->simpleQuery('SELECT right(kd...')
#3 C:\xampp\htdocs\apotek-karya-husada\system\Database\BaseBuilder.php(1860): CodeIgniter\Database\BaseConnection->query('SELECT right(kd...', Array, false)
#4 C:\xampp\htdocs\apotek-karya-husada\app\Models\M_suplier.php(39): CodeIgniter\Database\BaseBuilder->get()
#5 C:\xampp\htdocs\apotek-karya-husada\app\Controllers\Admin.php(187): App\Models\M_suplier->autonumber()
#6 C:\xampp\htdocs\apotek-karya-husada\system\CodeIgniter.php(920): App\Controllers\Admin->tsupplier()
#7 C:\xampp\htdocs\apotek-karya-husada\system\CodeIgniter.php(406): CodeIgniter\CodeIgniter->runController(Object(App\Controllers\Admin))
#8 C:\xampp\htdocs\apotek-karya-husada\system\CodeIgniter.php(314): CodeIgniter\CodeIgniter->handleRequest(NULL, Object(Config\Cache), false)
#9 C:\xampp\htdocs\apotek-karya-husada\public\index.php(45): CodeIgniter\CodeIgniter->run()
#10 C:\xampp\htdocs\apotek-karya-husada\system\Commands\Server\rewrite.php(34): require_once('C:\\xampp\\htdocs...')
#11 {main}
CRITICAL - 2021-05-21 22:09:42 --> Unknown column 'kd_sup' in 'field list'
#0 C:\xampp\htdocs\apotek-karya-husada\system\Database\MySQLi\Connection.php(331): mysqli->query('SELECT right(kd...')
#1 C:\xampp\htdocs\apotek-karya-husada\system\Database\BaseConnection.php(741): CodeIgniter\Database\MySQLi\Connection->execute('SELECT right(kd...')
#2 C:\xampp\htdocs\apotek-karya-husada\system\Database\BaseConnection.php(669): CodeIgniter\Database\BaseConnection->simpleQuery('SELECT right(kd...')
#3 C:\xampp\htdocs\apotek-karya-husada\system\Database\BaseBuilder.php(1860): CodeIgniter\Database\BaseConnection->query('SELECT right(kd...', Array, false)
#4 C:\xampp\htdocs\apotek-karya-husada\app\Models\M_suplier.php(39): CodeIgniter\Database\BaseBuilder->get()
#5 C:\xampp\htdocs\apotek-karya-husada\app\Controllers\Admin.php(187): App\Models\M_suplier->autonumber()
#6 C:\xampp\htdocs\apotek-karya-husada\system\CodeIgniter.php(920): App\Controllers\Admin->tsupplier()
#7 C:\xampp\htdocs\apotek-karya-husada\system\CodeIgniter.php(406): CodeIgniter\CodeIgniter->runController(Object(App\Controllers\Admin))
#8 C:\xampp\htdocs\apotek-karya-husada\system\CodeIgniter.php(314): CodeIgniter\CodeIgniter->handleRequest(NULL, Object(Config\Cache), false)
#9 C:\xampp\htdocs\apotek-karya-husada\public\index.php(45): CodeIgniter\CodeIgniter->run()
#10 C:\xampp\htdocs\apotek-karya-husada\system\Commands\Server\rewrite.php(34): require_once('C:\\xampp\\htdocs...')
#11 {main}
CRITICAL - 2021-05-21 22:09:48 --> Unknown column 'kd_sup' in 'field list'
#0 C:\xampp\htdocs\apotek-karya-husada\system\Database\MySQLi\Connection.php(331): mysqli->query('SELECT right(kd...')
#1 C:\xampp\htdocs\apotek-karya-husada\system\Database\BaseConnection.php(741): CodeIgniter\Database\MySQLi\Connection->execute('SELECT right(kd...')
#2 C:\xampp\htdocs\apotek-karya-husada\system\Database\BaseConnection.php(669): CodeIgniter\Database\BaseConnection->simpleQuery('SELECT right(kd...')
#3 C:\xampp\htdocs\apotek-karya-husada\system\Database\BaseBuilder.php(1860): CodeIgniter\Database\BaseConnection->query('SELECT right(kd...', Array, false)
#4 C:\xampp\htdocs\apotek-karya-husada\app\Models\M_suplier.php(39): CodeIgniter\Database\BaseBuilder->get()
#5 C:\xampp\htdocs\apotek-karya-husada\app\Controllers\Admin.php(187): App\Models\M_suplier->autonumber()
#6 C:\xampp\htdocs\apotek-karya-husada\system\CodeIgniter.php(920): App\Controllers\Admin->tsupplier()
#7 C:\xampp\htdocs\apotek-karya-husada\system\CodeIgniter.php(406): CodeIgniter\CodeIgniter->runController(Object(App\Controllers\Admin))
#8 C:\xampp\htdocs\apotek-karya-husada\system\CodeIgniter.php(314): CodeIgniter\CodeIgniter->handleRequest(NULL, Object(Config\Cache), false)
#9 C:\xampp\htdocs\apotek-karya-husada\public\index.php(45): CodeIgniter\CodeIgniter->run()
#10 C:\xampp\htdocs\apotek-karya-husada\system\Commands\Server\rewrite.php(34): require_once('C:\\xampp\\htdocs...')
#11 {main}
CRITICAL - 2021-05-21 22:19:17 --> Unknown column 'id_pengguna' in 'order clause'
#0 C:\xampp\htdocs\apotek-karya-husada\system\Database\MySQLi\Connection.php(331): mysqli->query('SELECT *\nFROM `...')
#1 C:\xampp\htdocs\apotek-karya-husada\system\Database\BaseConnection.php(741): CodeIgniter\Database\MySQLi\Connection->execute('SELECT *\nFROM `...')
#2 C:\xampp\htdocs\apotek-karya-husada\system\Database\BaseConnection.php(669): CodeIgniter\Database\BaseConnection->simpleQuery('SELECT *\nFROM `...')
#3 C:\xampp\htdocs\apotek-karya-husada\system\Database\BaseBuilder.php(1860): CodeIgniter\Database\BaseConnection->query('SELECT *\nFROM `...', Array, false)
#4 C:\xampp\htdocs\apotek-karya-husada\app\Models\M_pengguna.php(15): CodeIgniter\Database\BaseBuilder->get()
#5 C:\xampp\htdocs\apotek-karya-husada\app\Controllers\Admin.php(444): App\Models\M_pengguna->ambilData()
#6 C:\xampp\htdocs\apotek-karya-husada\system\CodeIgniter.php(920): App\Controllers\Admin->dpengguna()
#7 C:\xampp\htdocs\apotek-karya-husada\system\CodeIgniter.php(406): CodeIgniter\CodeIgniter->runController(Object(App\Controllers\Admin))
#8 C:\xampp\htdocs\apotek-karya-husada\system\CodeIgniter.php(314): CodeIgniter\CodeIgniter->handleRequest(NULL, Object(Config\Cache), false)
#9 C:\xampp\htdocs\apotek-karya-husada\public\index.php(45): CodeIgniter\CodeIgniter->run()
#10 C:\xampp\htdocs\apotek-karya-husada\system\Commands\Server\rewrite.php(34): require_once('C:\\xampp\\htdocs...')
#11 {main}
CRITICAL - 2021-05-21 22:20:40 --> Table 'apotek.tb_profil' doesn't exist
#0 C:\xampp\htdocs\apotek-karya-husada\system\Database\MySQLi\Connection.php(331): mysqli->query('SELECT *\nFROM `...')
#1 C:\xampp\htdocs\apotek-karya-husada\system\Database\BaseConnection.php(741): CodeIgniter\Database\MySQLi\Connection->execute('SELECT *\nFROM `...')
#2 C:\xampp\htdocs\apotek-karya-husada\system\Database\BaseConnection.php(669): CodeIgniter\Database\BaseConnection->simpleQuery('SELECT *\nFROM `...')
#3 C:\xampp\htdocs\apotek-karya-husada\system\Database\BaseBuilder.php(2019): CodeIgniter\Database\BaseConnection->query('SELECT *\nFROM `...', Array, false)
#4 C:\xampp\htdocs\apotek-karya-husada\app\Models\M_profile.php(16): CodeIgniter\Database\BaseBuilder->getWhere(Array)
#5 C:\xampp\htdocs\apotek-karya-husada\app\Controllers\Admin.php(566): App\Models\M_profile->cari('1')
#6 C:\xampp\htdocs\apotek-karya-husada\system\CodeIgniter.php(920): App\Controllers\Admin->profile_aptk()
#7 C:\xampp\htdocs\apotek-karya-husada\system\CodeIgniter.php(406): CodeIgniter\CodeIgniter->runController(Object(App\Controllers\Admin))
#8 C:\xampp\htdocs\apotek-karya-husada\system\CodeIgniter.php(314): CodeIgniter\CodeIgniter->handleRequest(NULL, Object(Config\Cache), false)
#9 C:\xampp\htdocs\apotek-karya-husada\public\index.php(45): CodeIgniter\CodeIgniter->run()
#10 C:\xampp\htdocs\apotek-karya-husada\system\Commands\Server\rewrite.php(34): require_once('C:\\xampp\\htdocs...')
#11 {main}
CRITICAL - 2021-05-21 22:20:58 --> Trying to get property 'id' of non-object
#0 C:\xampp\htdocs\apotek-karya-husada\app\Views\admin\v_profileapotek.php(20): CodeIgniter\Debug\Exceptions->errorHandler(8, 'Trying to get p...', 'C:\\xampp\\htdocs...', 20, Array)
#1 C:\xampp\htdocs\apotek-karya-husada\system\View\View.php(246): include('C:\\xampp\\htdocs...')
#2 C:\xampp\htdocs\apotek-karya-husada\system\Common.php(1119): CodeIgniter\View\View->render('admin/v_profile...', Array, true)
#3 C:\xampp\htdocs\apotek-karya-husada\app\Controllers\Admin.php(568): view('admin/v_profile...', Array)
#4 C:\xampp\htdocs\apotek-karya-husada\system\CodeIgniter.php(920): App\Controllers\Admin->profile_aptk()
#5 C:\xampp\htdocs\apotek-karya-husada\system\CodeIgniter.php(406): CodeIgniter\CodeIgniter->runController(Object(App\Controllers\Admin))
#6 C:\xampp\htdocs\apotek-karya-husada\system\CodeIgniter.php(314): CodeIgniter\CodeIgniter->handleRequest(NULL, Object(Config\Cache), false)
#7 C:\xampp\htdocs\apotek-karya-husada\public\index.php(45): CodeIgniter\CodeIgniter->run()
#8 C:\xampp\htdocs\apotek-karya-husada\system\Commands\Server\rewrite.php(34): require_once('C:\\xampp\\htdocs...')
#9 {main}
CRITICAL - 2021-05-21 22:22:20 --> Trying to get property 'nm_apotek' of non-object
#0 C:\xampp\htdocs\apotek-karya-husada\app\Views\admin\v_profileapotek.php(21): CodeIgniter\Debug\Exceptions->errorHandler(8, 'Trying to get p...', 'C:\\xampp\\htdocs...', 21, Array)
#1 C:\xampp\htdocs\apotek-karya-husada\system\View\View.php(246): include('C:\\xampp\\htdocs...')
#2 C:\xampp\htdocs\apotek-karya-husada\system\Common.php(1119): CodeIgniter\View\View->render('admin/v_profile...', Array, true)
#3 C:\xampp\htdocs\apotek-karya-husada\app\Controllers\Admin.php(568): view('admin/v_profile...', Array)
#4 C:\xampp\htdocs\apotek-karya-husada\system\CodeIgniter.php(920): App\Controllers\Admin->profile_aptk()
#5 C:\xampp\htdocs\apotek-karya-husada\system\CodeIgniter.php(406): CodeIgniter\CodeIgniter->runController(Object(App\Controllers\Admin))
#6 C:\xampp\htdocs\apotek-karya-husada\system\CodeIgniter.php(314): CodeIgniter\CodeIgniter->handleRequest(NULL, Object(Config\Cache), false)
#7 C:\xampp\htdocs\apotek-karya-husada\public\index.php(45): CodeIgniter\CodeIgniter->run()
#8 C:\xampp\htdocs\apotek-karya-husada\system\Commands\Server\rewrite.php(34): require_once('C:\\xampp\\htdocs...')
#9 {main}
CRITICAL - 2021-05-21 23:18:29 --> Unknown column 'kd_sup' in 'field list'
#0 C:\xampp\htdocs\apotek-karya-husada\system\Database\MySQLi\Connection.php(331): mysqli->query('INSERT INTO `tb...')
#1 C:\xampp\htdocs\apotek-karya-husada\system\Database\BaseConnection.php(741): CodeIgniter\Database\MySQLi\Connection->execute('INSERT INTO `tb...')
#2 C:\xampp\htdocs\apotek-karya-husada\system\Database\BaseConnection.php(669): CodeIgniter\Database\BaseConnection->simpleQuery('INSERT INTO `tb...')
#3 C:\xampp\htdocs\apotek-karya-husada\system\Database\BaseBuilder.php(2249): CodeIgniter\Database\BaseConnection->query('INSERT INTO `tb...', Array, false)
#4 C:\xampp\htdocs\apotek-karya-husada\app\Models\M_obat.php(21): CodeIgniter\Database\BaseBuilder->insert(Array)
#5 C:\xampp\htdocs\apotek-karya-husada\app\Controllers\Admin.php(160): App\Models\M_obat->simpan(Array)
#6 C:\xampp\htdocs\apotek-karya-husada\system\CodeIgniter.php(920): App\Controllers\Admin->sobat()
#7 C:\xampp\htdocs\apotek-karya-husada\system\CodeIgniter.php(406): CodeIgniter\CodeIgniter->runController(Object(App\Controllers\Admin))
#8 C:\xampp\htdocs\apotek-karya-husada\system\CodeIgniter.php(314): CodeIgniter\CodeIgniter->handleRequest(NULL, Object(Config\Cache), false)
#9 C:\xampp\htdocs\apotek-karya-husada\public\index.php(45): CodeIgniter\CodeIgniter->run()
#10 C:\xampp\htdocs\apotek-karya-husada\system\Commands\Server\rewrite.php(34): require_once('C:\\xampp\\htdocs...')
#11 {main}
CRITICAL - 2021-05-21 23:23:32 --> Unknown column 'no_tlp' in 'field list'
#0 C:\xampp\htdocs\apotek-karya-husada\system\Database\MySQLi\Connection.php(331): mysqli->query('INSERT INTO `tb...')
#1 C:\xampp\htdocs\apotek-karya-husada\system\Database\BaseConnection.php(741): CodeIgniter\Database\MySQLi\Connection->execute('INSERT INTO `tb...')
#2 C:\xampp\htdocs\apotek-karya-husada\system\Database\BaseConnection.php(669): CodeIgniter\Database\BaseConnection->simpleQuery('INSERT INTO `tb...')
#3 C:\xampp\htdocs\apotek-karya-husada\system\Database\BaseBuilder.php(2249): CodeIgniter\Database\BaseConnection->query('INSERT INTO `tb...', Array, false)
#4 C:\xampp\htdocs\apotek-karya-husada\app\Models\M_suplier.php(21): CodeIgniter\Database\BaseBuilder->insert(Array)
#5 C:\xampp\htdocs\apotek-karya-husada\app\Controllers\Admin.php(221): App\Models\M_suplier->simpan(Array)
#6 C:\xampp\htdocs\apotek-karya-husada\system\CodeIgniter.php(920): App\Controllers\Admin->ssuplier()
#7 C:\xampp\htdocs\apotek-karya-husada\system\CodeIgniter.php(406): CodeIgniter\CodeIgniter->runController(Object(App\Controllers\Admin))
#8 C:\xampp\htdocs\apotek-karya-husada\system\CodeIgniter.php(314): CodeIgniter\CodeIgniter->handleRequest(NULL, Object(Config\Cache), false)
#9 C:\xampp\htdocs\apotek-karya-husada\public\index.php(45): CodeIgniter\CodeIgniter->run()
#10 C:\xampp\htdocs\apotek-karya-husada\system\Commands\Server\rewrite.php(34): require_once('C:\\xampp\\htdocs...')
#11 {main}
CRITICAL - 2021-05-21 23:35:27 --> Undefined index: no_tlp
#0 C:\xampp\htdocs\apotek-karya-husada\app\Views\admin\v_dpengguna.php(55): CodeIgniter\Debug\Exceptions->errorHandler(8, 'Undefined index...', 'C:\\xampp\\htdocs...', 55, Array)
#1 C:\xampp\htdocs\apotek-karya-husada\system\View\View.php(246): include('C:\\xampp\\htdocs...')
#2 C:\xampp\htdocs\apotek-karya-husada\system\Common.php(1119): CodeIgniter\View\View->render('admin/v_dpenggu...', Array, true)
#3 C:\xampp\htdocs\apotek-karya-husada\app\Controllers\Admin.php(446): view('admin/v_dpenggu...', Array)
#4 C:\xampp\htdocs\apotek-karya-husada\system\CodeIgniter.php(920): App\Controllers\Admin->dpengguna()
#5 C:\xampp\htdocs\apotek-karya-husada\system\CodeIgniter.php(406): CodeIgniter\CodeIgniter->runController(Object(App\Controllers\Admin))
#6 C:\xampp\htdocs\apotek-karya-husada\system\CodeIgniter.php(314): CodeIgniter\CodeIgniter->handleRequest(NULL, Object(Config\Cache), false)
#7 C:\xampp\htdocs\apotek-karya-husada\public\index.php(45): CodeIgniter\CodeIgniter->run()
#8 C:\xampp\htdocs\apotek-karya-husada\system\Commands\Server\rewrite.php(34): require_once('C:\\xampp\\htdocs...')
#9 {main}
CRITICAL - 2021-05-21 23:40:36 --> Cannot use object of type stdClass as array
#0 C:\xampp\htdocs\apotek-karya-husada\system\View\View.php(246): include()
#1 C:\xampp\htdocs\apotek-karya-husada\system\Common.php(1119): CodeIgniter\View\View->render('admin/v_profile...', Array, true)
#2 C:\xampp\htdocs\apotek-karya-husada\app\Controllers\Admin.php(568): view('admin/v_profile...', Array)
#3 C:\xampp\htdocs\apotek-karya-husada\system\CodeIgniter.php(920): App\Controllers\Admin->profile_aptk()
#4 C:\xampp\htdocs\apotek-karya-husada\system\CodeIgniter.php(406): CodeIgniter\CodeIgniter->runController(Object(App\Controllers\Admin))
#5 C:\xampp\htdocs\apotek-karya-husada\system\CodeIgniter.php(314): CodeIgniter\CodeIgniter->handleRequest(NULL, Object(Config\Cache), false)
#6 C:\xampp\htdocs\apotek-karya-husada\public\index.php(45): CodeIgniter\CodeIgniter->run()
#7 C:\xampp\htdocs\apotek-karya-husada\system\Commands\Server\rewrite.php(34): require_once('C:\\xampp\\htdocs...')
#8 {main}
CRITICAL - 2021-05-21 23:41:48 --> Cannot use object of type stdClass as array
#0 C:\xampp\htdocs\apotek-karya-husada\system\View\View.php(246): include()
#1 C:\xampp\htdocs\apotek-karya-husada\system\Common.php(1119): CodeIgniter\View\View->render('admin/v_profile...', Array, true)
#2 C:\xampp\htdocs\apotek-karya-husada\app\Controllers\Admin.php(568): view('admin/v_profile...', Array)
#3 C:\xampp\htdocs\apotek-karya-husada\system\CodeIgniter.php(920): App\Controllers\Admin->profile_aptk()
#4 C:\xampp\htdocs\apotek-karya-husada\system\CodeIgniter.php(406): CodeIgniter\CodeIgniter->runController(Object(App\Controllers\Admin))
#5 C:\xampp\htdocs\apotek-karya-husada\system\CodeIgniter.php(314): CodeIgniter\CodeIgniter->handleRequest(NULL, Object(Config\Cache), false)
#6 C:\xampp\htdocs\apotek-karya-husada\public\index.php(45): CodeIgniter\CodeIgniter->run()
#7 C:\xampp\htdocs\apotek-karya-husada\system\Commands\Server\rewrite.php(34): require_once('C:\\xampp\\htdocs...')
#8 {main}
CRITICAL - 2021-05-21 23:44:03 --> Call to undefined method App\Models\M_profile::tampil
#0 C:\xampp\htdocs\apotek-karya-husada\app\Controllers\Login.php(13): CodeIgniter\Model->__call('tampil', Array)
#1 C:\xampp\htdocs\apotek-karya-husada\system\CodeIgniter.php(920): App\Controllers\Login->index()
#2 C:\xampp\htdocs\apotek-karya-husada\system\CodeIgniter.php(406): CodeIgniter\CodeIgniter->runController(Object(App\Controllers\Login))
#3 C:\xampp\htdocs\apotek-karya-husada\system\CodeIgniter.php(314): CodeIgniter\CodeIgniter->handleRequest(NULL, Object(Config\Cache), false)
#4 C:\xampp\htdocs\apotek-karya-husada\public\index.php(45): CodeIgniter\CodeIgniter->run()
#5 C:\xampp\htdocs\apotek-karya-husada\system\Commands\Server\rewrite.php(34): require_once('C:\\xampp\\htdocs...')
#6 {main}
CRITICAL - 2021-05-21 23:44:04 --> Call to undefined method App\Models\M_profile::tampil
#0 C:\xampp\htdocs\apotek-karya-husada\app\Controllers\Login.php(13): CodeIgniter\Model->__call('tampil', Array)
#1 C:\xampp\htdocs\apotek-karya-husada\system\CodeIgniter.php(920): App\Controllers\Login->index()
#2 C:\xampp\htdocs\apotek-karya-husada\system\CodeIgniter.php(406): CodeIgniter\CodeIgniter->runController(Object(App\Controllers\Login))
#3 C:\xampp\htdocs\apotek-karya-husada\system\CodeIgniter.php(314): CodeIgniter\CodeIgniter->handleRequest(NULL, Object(Config\Cache), false)
#4 C:\xampp\htdocs\apotek-karya-husada\public\index.php(45): CodeIgniter\CodeIgniter->run()
#5 C:\xampp\htdocs\apotek-karya-husada\system\Commands\Server\rewrite.php(34): require_once('C:\\xampp\\htdocs...')
#6 {main}
