CRITICAL - 2021-04-13 23:19:35 --> syntax error, unexpected '=', expecting ']'
#0 C:\xampp\htdocs\apotek_kh\system\Router\Router.php(195): CodeIgniter\Router\Router->autoRoute('admin')
#1 C:\xampp\htdocs\apotek_kh\system\CodeIgniter.php(793): CodeIgniter\Router\Router->handle('admin')
#2 C:\xampp\htdocs\apotek_kh\system\CodeIgniter.php(364): CodeIgniter\CodeIgniter->tryToRouteIt(Object(CodeIgniter\Router\RouteCollection))
#3 C:\xampp\htdocs\apotek_kh\system\CodeIgniter.php(312): CodeIgniter\CodeIgniter->handleRequest(NULL, Object(Config\Cache), false)
#4 C:\xampp\htdocs\apotek_kh\public\index.php(45): CodeIgniter\CodeIgniter->run()
#5 C:\xampp\htdocs\apotek_kh\system\Commands\Server\rewrite.php(34): require_once('C:\\xampp\\htdocs...')
#6 {main}
CRITICAL - 2021-04-13 23:19:59 --> Call to undefined method CodeIgniter\View\View::extends()
#0 C:\xampp\htdocs\apotek_kh\system\View\View.php(246): include()
#1 C:\xampp\htdocs\apotek_kh\system\Common.php(1119): CodeIgniter\View\View->render('admin/v_blankpa...', Array, true)
#2 C:\xampp\htdocs\apotek_kh\app\Controllers\Admin.php(10): view('admin/v_blankpa...', Array)
#3 C:\xampp\htdocs\apotek_kh\system\CodeIgniter.php(918): App\Controllers\Admin->index()
#4 C:\xampp\htdocs\apotek_kh\system\CodeIgniter.php(404): CodeIgniter\CodeIgniter->runController(Object(App\Controllers\Admin))
#5 C:\xampp\htdocs\apotek_kh\system\CodeIgniter.php(312): CodeIgniter\CodeIgniter->handleRequest(NULL, Object(Config\Cache), false)
#6 C:\xampp\htdocs\apotek_kh\public\index.php(45): CodeIgniter\CodeIgniter->run()
#7 C:\xampp\htdocs\apotek_kh\system\Commands\Server\rewrite.php(34): require_once('C:\\xampp\\htdocs...')
#8 {main}
CRITICAL - 2021-04-13 23:20:34 --> Call to undefined method CodeIgniter\View\View::extends()
#0 C:\xampp\htdocs\apotek_kh\system\View\View.php(246): include()
#1 C:\xampp\htdocs\apotek_kh\system\Common.php(1119): CodeIgniter\View\View->render('admin/v_blankpa...', Array, true)
#2 C:\xampp\htdocs\apotek_kh\app\Controllers\Admin.php(10): view('admin/v_blankpa...', Array)
#3 C:\xampp\htdocs\apotek_kh\system\CodeIgniter.php(918): App\Controllers\Admin->index()
#4 C:\xampp\htdocs\apotek_kh\system\CodeIgniter.php(404): CodeIgniter\CodeIgniter->runController(Object(App\Controllers\Admin))
#5 C:\xampp\htdocs\apotek_kh\system\CodeIgniter.php(312): CodeIgniter\CodeIgniter->handleRequest(NULL, Object(Config\Cache), false)
#6 C:\xampp\htdocs\apotek_kh\public\index.php(45): CodeIgniter\CodeIgniter->run()
#7 C:\xampp\htdocs\apotek_kh\system\Commands\Server\rewrite.php(34): require_once('C:\\xampp\\htdocs...')
#8 {main}
CRITICAL - 2021-04-13 23:20:37 --> Call to undefined method CodeIgniter\View\View::extends()
#0 C:\xampp\htdocs\apotek_kh\system\View\View.php(246): include()
#1 C:\xampp\htdocs\apotek_kh\system\Common.php(1119): CodeIgniter\View\View->render('admin/v_blankpa...', Array, true)
#2 C:\xampp\htdocs\apotek_kh\app\Controllers\Admin.php(10): view('admin/v_blankpa...', Array)
#3 C:\xampp\htdocs\apotek_kh\system\CodeIgniter.php(918): App\Controllers\Admin->index()
#4 C:\xampp\htdocs\apotek_kh\system\CodeIgniter.php(404): CodeIgniter\CodeIgniter->runController(Object(App\Controllers\Admin))
#5 C:\xampp\htdocs\apotek_kh\system\CodeIgniter.php(312): CodeIgniter\CodeIgniter->handleRequest(NULL, Object(Config\Cache), false)
#6 C:\xampp\htdocs\apotek_kh\public\index.php(45): CodeIgniter\CodeIgniter->run()
#7 C:\xampp\htdocs\apotek_kh\system\Commands\Server\rewrite.php(34): require_once('C:\\xampp\\htdocs...')
#8 {main}
