CRITICAL - 2021-05-25 09:06:28 --> You have an error in your SQL syntax; check the manual that corresponds to your MariaDB server version for the right syntax to use near '' at line 1
#0 C:\xampp\htdocs\apotek-karya-husada\system\Database\MySQLi\Connection.php(331): mysqli->query('SELECT * FROM t...')
#1 C:\xampp\htdocs\apotek-karya-husada\system\Database\BaseConnection.php(741): CodeIgniter\Database\MySQLi\Connection->execute('SELECT * FROM t...')
#2 C:\xampp\htdocs\apotek-karya-husada\system\Database\BaseConnection.php(669): CodeIgniter\Database\BaseConnection->simpleQuery('SELECT * FROM t...')
#3 C:\xampp\htdocs\apotek-karya-husada\app\Views\layout\v_header.php(33): CodeIgniter\Database\BaseConnection->query('SELECT * FROM t...')
#4 C:\xampp\htdocs\apotek-karya-husada\system\View\View.php(246): include('C:\\xampp\\htdocs...')
#5 C:\xampp\htdocs\apotek-karya-husada\system\View\View.php(525): CodeIgniter\View\View->render('layout/v_header', NULL, true)
#6 C:\xampp\htdocs\apotek-karya-husada\app\Views\layout\v_template.php(35): CodeIgniter\View\View->include('layout/v_header')
#7 C:\xampp\htdocs\apotek-karya-husada\system\View\View.php(246): include('C:\\xampp\\htdocs...')
#8 C:\xampp\htdocs\apotek-karya-husada\system\View\View.php(257): CodeIgniter\View\View->render('layout/v_templa...', Array, true)
#9 C:\xampp\htdocs\apotek-karya-husada\system\Common.php(1119): CodeIgniter\View\View->render('admin/v_beranda', Array, true)
#10 C:\xampp\htdocs\apotek-karya-husada\app\Controllers\Admin.php(38): view('admin/v_beranda', Array)
#11 C:\xampp\htdocs\apotek-karya-husada\system\CodeIgniter.php(920): App\Controllers\Admin->index()
#12 C:\xampp\htdocs\apotek-karya-husada\system\CodeIgniter.php(406): CodeIgniter\CodeIgniter->runController(Object(App\Controllers\Admin))
#13 C:\xampp\htdocs\apotek-karya-husada\system\CodeIgniter.php(314): CodeIgniter\CodeIgniter->handleRequest(NULL, Object(Config\Cache), false)
#14 C:\xampp\htdocs\apotek-karya-husada\public\index.php(45): CodeIgniter\CodeIgniter->run()
#15 C:\xampp\htdocs\apotek-karya-husada\system\Commands\Server\rewrite.php(34): require_once('C:\\xampp\\htdocs...')
#16 {main}
CRITICAL - 2021-05-25 09:06:29 --> You have an error in your SQL syntax; check the manual that corresponds to your MariaDB server version for the right syntax to use near '' at line 1
#0 C:\xampp\htdocs\apotek-karya-husada\system\Database\MySQLi\Connection.php(331): mysqli->query('SELECT * FROM t...')
#1 C:\xampp\htdocs\apotek-karya-husada\system\Database\BaseConnection.php(741): CodeIgniter\Database\MySQLi\Connection->execute('SELECT * FROM t...')
#2 C:\xampp\htdocs\apotek-karya-husada\system\Database\BaseConnection.php(669): CodeIgniter\Database\BaseConnection->simpleQuery('SELECT * FROM t...')
#3 C:\xampp\htdocs\apotek-karya-husada\app\Views\layout\v_header.php(33): CodeIgniter\Database\BaseConnection->query('SELECT * FROM t...')
#4 C:\xampp\htdocs\apotek-karya-husada\system\View\View.php(246): include('C:\\xampp\\htdocs...')
#5 C:\xampp\htdocs\apotek-karya-husada\system\View\View.php(525): CodeIgniter\View\View->render('layout/v_header', NULL, true)
#6 C:\xampp\htdocs\apotek-karya-husada\app\Views\layout\v_template.php(35): CodeIgniter\View\View->include('layout/v_header')
#7 C:\xampp\htdocs\apotek-karya-husada\system\View\View.php(246): include('C:\\xampp\\htdocs...')
#8 C:\xampp\htdocs\apotek-karya-husada\system\View\View.php(257): CodeIgniter\View\View->render('layout/v_templa...', Array, true)
#9 C:\xampp\htdocs\apotek-karya-husada\system\Common.php(1119): CodeIgniter\View\View->render('admin/v_beranda', Array, true)
#10 C:\xampp\htdocs\apotek-karya-husada\app\Controllers\Admin.php(38): view('admin/v_beranda', Array)
#11 C:\xampp\htdocs\apotek-karya-husada\system\CodeIgniter.php(920): App\Controllers\Admin->index()
#12 C:\xampp\htdocs\apotek-karya-husada\system\CodeIgniter.php(406): CodeIgniter\CodeIgniter->runController(Object(App\Controllers\Admin))
#13 C:\xampp\htdocs\apotek-karya-husada\system\CodeIgniter.php(314): CodeIgniter\CodeIgniter->handleRequest(NULL, Object(Config\Cache), false)
#14 C:\xampp\htdocs\apotek-karya-husada\public\index.php(45): CodeIgniter\CodeIgniter->run()
#15 C:\xampp\htdocs\apotek-karya-husada\system\Commands\Server\rewrite.php(34): require_once('C:\\xampp\\htdocs...')
#16 {main}
CRITICAL - 2021-05-25 09:08:21 --> Trying to get property 'nama' of non-object
#0 C:\xampp\htdocs\apotek-karya-husada\app\Views\pengguna\v_profileapoteker.php(24): CodeIgniter\Debug\Exceptions->errorHandler(8, 'Trying to get p...', 'C:\\xampp\\htdocs...', 24, Array)
#1 C:\xampp\htdocs\apotek-karya-husada\system\View\View.php(246): include('C:\\xampp\\htdocs...')
#2 C:\xampp\htdocs\apotek-karya-husada\system\Common.php(1119): CodeIgniter\View\View->render('/pengguna/v_pro...', Array, true)
#3 C:\xampp\htdocs\apotek-karya-husada\app\Controllers\Pengguna.php(24): view('/pengguna/v_pro...', Array)
#4 C:\xampp\htdocs\apotek-karya-husada\system\CodeIgniter.php(920): App\Controllers\Pengguna->profilepengguna()
#5 C:\xampp\htdocs\apotek-karya-husada\system\CodeIgniter.php(406): CodeIgniter\CodeIgniter->runController(Object(App\Controllers\Pengguna))
#6 C:\xampp\htdocs\apotek-karya-husada\system\CodeIgniter.php(314): CodeIgniter\CodeIgniter->handleRequest(NULL, Object(Config\Cache), false)
#7 C:\xampp\htdocs\apotek-karya-husada\public\index.php(45): CodeIgniter\CodeIgniter->run()
#8 C:\xampp\htdocs\apotek-karya-husada\system\Commands\Server\rewrite.php(34): require_once('C:\\xampp\\htdocs...')
#9 {main}
CRITICAL - 2021-05-25 09:08:28 --> You have an error in your SQL syntax; check the manual that corresponds to your MariaDB server version for the right syntax to use near '' at line 1
#0 C:\xampp\htdocs\apotek-karya-husada\system\Database\MySQLi\Connection.php(331): mysqli->query('SELECT * FROM t...')
#1 C:\xampp\htdocs\apotek-karya-husada\system\Database\BaseConnection.php(741): CodeIgniter\Database\MySQLi\Connection->execute('SELECT * FROM t...')
#2 C:\xampp\htdocs\apotek-karya-husada\system\Database\BaseConnection.php(669): CodeIgniter\Database\BaseConnection->simpleQuery('SELECT * FROM t...')
#3 C:\xampp\htdocs\apotek-karya-husada\app\Views\layout\v_header.php(33): CodeIgniter\Database\BaseConnection->query('SELECT * FROM t...')
#4 C:\xampp\htdocs\apotek-karya-husada\system\View\View.php(246): include('C:\\xampp\\htdocs...')
#5 C:\xampp\htdocs\apotek-karya-husada\system\View\View.php(525): CodeIgniter\View\View->render('layout/v_header', NULL, true)
#6 C:\xampp\htdocs\apotek-karya-husada\app\Views\layout\v_template.php(35): CodeIgniter\View\View->include('layout/v_header')
#7 C:\xampp\htdocs\apotek-karya-husada\system\View\View.php(246): include('C:\\xampp\\htdocs...')
#8 C:\xampp\htdocs\apotek-karya-husada\system\View\View.php(257): CodeIgniter\View\View->render('layout/v_templa...', Array, true)
#9 C:\xampp\htdocs\apotek-karya-husada\system\Common.php(1119): CodeIgniter\View\View->render('admin/v_beranda', Array, true)
#10 C:\xampp\htdocs\apotek-karya-husada\app\Controllers\Admin.php(38): view('admin/v_beranda', Array)
#11 C:\xampp\htdocs\apotek-karya-husada\system\CodeIgniter.php(920): App\Controllers\Admin->index()
#12 C:\xampp\htdocs\apotek-karya-husada\system\CodeIgniter.php(406): CodeIgniter\CodeIgniter->runController(Object(App\Controllers\Admin))
#13 C:\xampp\htdocs\apotek-karya-husada\system\CodeIgniter.php(314): CodeIgniter\CodeIgniter->handleRequest(NULL, Object(Config\Cache), false)
#14 C:\xampp\htdocs\apotek-karya-husada\public\index.php(45): CodeIgniter\CodeIgniter->run()
#15 C:\xampp\htdocs\apotek-karya-husada\system\Commands\Server\rewrite.php(34): require_once('C:\\xampp\\htdocs...')
#16 {main}
CRITICAL - 2021-05-25 09:08:56 --> You have an error in your SQL syntax; check the manual that corresponds to your MariaDB server version for the right syntax to use near '' at line 1
#0 C:\xampp\htdocs\apotek-karya-husada\system\Database\MySQLi\Connection.php(331): mysqli->query('SELECT * FROM t...')
#1 C:\xampp\htdocs\apotek-karya-husada\system\Database\BaseConnection.php(741): CodeIgniter\Database\MySQLi\Connection->execute('SELECT * FROM t...')
#2 C:\xampp\htdocs\apotek-karya-husada\system\Database\BaseConnection.php(669): CodeIgniter\Database\BaseConnection->simpleQuery('SELECT * FROM t...')
#3 C:\xampp\htdocs\apotek-karya-husada\app\Views\layout\v_header.php(33): CodeIgniter\Database\BaseConnection->query('SELECT * FROM t...')
#4 C:\xampp\htdocs\apotek-karya-husada\system\View\View.php(246): include('C:\\xampp\\htdocs...')
#5 C:\xampp\htdocs\apotek-karya-husada\system\View\View.php(525): CodeIgniter\View\View->render('layout/v_header', NULL, true)
#6 C:\xampp\htdocs\apotek-karya-husada\app\Views\layout\v_template.php(35): CodeIgniter\View\View->include('layout/v_header')
#7 C:\xampp\htdocs\apotek-karya-husada\system\View\View.php(246): include('C:\\xampp\\htdocs...')
#8 C:\xampp\htdocs\apotek-karya-husada\system\View\View.php(257): CodeIgniter\View\View->render('layout/v_templa...', Array, true)
#9 C:\xampp\htdocs\apotek-karya-husada\system\Common.php(1119): CodeIgniter\View\View->render('admin/v_beranda', Array, true)
#10 C:\xampp\htdocs\apotek-karya-husada\app\Controllers\Admin.php(38): view('admin/v_beranda', Array)
#11 C:\xampp\htdocs\apotek-karya-husada\system\CodeIgniter.php(920): App\Controllers\Admin->index()
#12 C:\xampp\htdocs\apotek-karya-husada\system\CodeIgniter.php(406): CodeIgniter\CodeIgniter->runController(Object(App\Controllers\Admin))
#13 C:\xampp\htdocs\apotek-karya-husada\system\CodeIgniter.php(314): CodeIgniter\CodeIgniter->handleRequest(NULL, Object(Config\Cache), false)
#14 C:\xampp\htdocs\apotek-karya-husada\public\index.php(45): CodeIgniter\CodeIgniter->run()
#15 C:\xampp\htdocs\apotek-karya-husada\system\Commands\Server\rewrite.php(34): require_once('C:\\xampp\\htdocs...')
#16 {main}
CRITICAL - 2021-05-25 09:09:37 --> You have an error in your SQL syntax; check the manual that corresponds to your MariaDB server version for the right syntax to use near '' at line 1
#0 C:\xampp\htdocs\apotek-karya-husada\system\Database\MySQLi\Connection.php(331): mysqli->query('SELECT * FROM t...')
#1 C:\xampp\htdocs\apotek-karya-husada\system\Database\BaseConnection.php(741): CodeIgniter\Database\MySQLi\Connection->execute('SELECT * FROM t...')
#2 C:\xampp\htdocs\apotek-karya-husada\system\Database\BaseConnection.php(669): CodeIgniter\Database\BaseConnection->simpleQuery('SELECT * FROM t...')
#3 C:\xampp\htdocs\apotek-karya-husada\app\Views\layout\v_header.php(33): CodeIgniter\Database\BaseConnection->query('SELECT * FROM t...')
#4 C:\xampp\htdocs\apotek-karya-husada\system\View\View.php(246): include('C:\\xampp\\htdocs...')
#5 C:\xampp\htdocs\apotek-karya-husada\system\View\View.php(525): CodeIgniter\View\View->render('layout/v_header', NULL, true)
#6 C:\xampp\htdocs\apotek-karya-husada\app\Views\layout\v_template.php(35): CodeIgniter\View\View->include('layout/v_header')
#7 C:\xampp\htdocs\apotek-karya-husada\system\View\View.php(246): include('C:\\xampp\\htdocs...')
#8 C:\xampp\htdocs\apotek-karya-husada\system\View\View.php(257): CodeIgniter\View\View->render('layout/v_templa...', Array, true)
#9 C:\xampp\htdocs\apotek-karya-husada\system\Common.php(1119): CodeIgniter\View\View->render('admin/master/v_...', Array, true)
#10 C:\xampp\htdocs\apotek-karya-husada\app\Controllers\Admin.php(62): view('admin/master/v_...', Array)
#11 C:\xampp\htdocs\apotek-karya-husada\system\CodeIgniter.php(920): App\Controllers\Admin->dobat()
#12 C:\xampp\htdocs\apotek-karya-husada\system\CodeIgniter.php(406): CodeIgniter\CodeIgniter->runController(Object(App\Controllers\Admin))
#13 C:\xampp\htdocs\apotek-karya-husada\system\CodeIgniter.php(314): CodeIgniter\CodeIgniter->handleRequest(NULL, Object(Config\Cache), false)
#14 C:\xampp\htdocs\apotek-karya-husada\public\index.php(45): CodeIgniter\CodeIgniter->run()
#15 C:\xampp\htdocs\apotek-karya-husada\system\Commands\Server\rewrite.php(34): require_once('C:\\xampp\\htdocs...')
#16 {main}
CRITICAL - 2021-05-25 09:09:38 --> You have an error in your SQL syntax; check the manual that corresponds to your MariaDB server version for the right syntax to use near '' at line 1
#0 C:\xampp\htdocs\apotek-karya-husada\system\Database\MySQLi\Connection.php(331): mysqli->query('SELECT * FROM t...')
#1 C:\xampp\htdocs\apotek-karya-husada\system\Database\BaseConnection.php(741): CodeIgniter\Database\MySQLi\Connection->execute('SELECT * FROM t...')
#2 C:\xampp\htdocs\apotek-karya-husada\system\Database\BaseConnection.php(669): CodeIgniter\Database\BaseConnection->simpleQuery('SELECT * FROM t...')
#3 C:\xampp\htdocs\apotek-karya-husada\app\Views\layout\v_header.php(33): CodeIgniter\Database\BaseConnection->query('SELECT * FROM t...')
#4 C:\xampp\htdocs\apotek-karya-husada\system\View\View.php(246): include('C:\\xampp\\htdocs...')
#5 C:\xampp\htdocs\apotek-karya-husada\system\View\View.php(525): CodeIgniter\View\View->render('layout/v_header', NULL, true)
#6 C:\xampp\htdocs\apotek-karya-husada\app\Views\layout\v_template.php(35): CodeIgniter\View\View->include('layout/v_header')
#7 C:\xampp\htdocs\apotek-karya-husada\system\View\View.php(246): include('C:\\xampp\\htdocs...')
#8 C:\xampp\htdocs\apotek-karya-husada\system\View\View.php(257): CodeIgniter\View\View->render('layout/v_templa...', Array, true)
#9 C:\xampp\htdocs\apotek-karya-husada\system\Common.php(1119): CodeIgniter\View\View->render('admin/master/v_...', Array, true)
#10 C:\xampp\htdocs\apotek-karya-husada\app\Controllers\Admin.php(62): view('admin/master/v_...', Array)
#11 C:\xampp\htdocs\apotek-karya-husada\system\CodeIgniter.php(920): App\Controllers\Admin->dobat()
#12 C:\xampp\htdocs\apotek-karya-husada\system\CodeIgniter.php(406): CodeIgniter\CodeIgniter->runController(Object(App\Controllers\Admin))
#13 C:\xampp\htdocs\apotek-karya-husada\system\CodeIgniter.php(314): CodeIgniter\CodeIgniter->handleRequest(NULL, Object(Config\Cache), false)
#14 C:\xampp\htdocs\apotek-karya-husada\public\index.php(45): CodeIgniter\CodeIgniter->run()
#15 C:\xampp\htdocs\apotek-karya-husada\system\Commands\Server\rewrite.php(34): require_once('C:\\xampp\\htdocs...')
#16 {main}
CRITICAL - 2021-05-25 09:21:06 --> syntax error, unexpected ''toolbar'' (T_CONSTANT_ENCAPSED_STRING), expecting ']'
#0 C:\xampp\htdocs\apotek-karya-husada\system\Autoloader\Autoloader.php(296): CodeIgniter\Autoloader\Autoloader->requireFile('C:\\xampp\\htdocs...')
#1 C:\xampp\htdocs\apotek-karya-husada\system\Autoloader\Autoloader.php(258): CodeIgniter\Autoloader\Autoloader->loadInNamespace('Config\\Filters')
#2 [internal function]: CodeIgniter\Autoloader\Autoloader->loadClass('Config\\Filters')
#3 C:\xampp\htdocs\apotek-karya-husada\system\Config\Services.php(322): spl_autoload_call('Config\\Filters')
#4 C:\xampp\htdocs\apotek-karya-husada\system\Config\BaseService.php(123): CodeIgniter\Config\Services::filters(NULL, false)
#5 C:\xampp\htdocs\apotek-karya-husada\system\Config\Services.php(317): CodeIgniter\Config\BaseService::getSharedInstance('filters', NULL)
#6 C:\xampp\htdocs\apotek-karya-husada\system\CodeIgniter.php(369): CodeIgniter\Config\Services::filters()
#7 C:\xampp\htdocs\apotek-karya-husada\system\CodeIgniter.php(314): CodeIgniter\CodeIgniter->handleRequest(NULL, Object(Config\Cache), false)
#8 C:\xampp\htdocs\apotek-karya-husada\public\index.php(45): CodeIgniter\CodeIgniter->run()
#9 C:\xampp\htdocs\apotek-karya-husada\system\Commands\Server\rewrite.php(34): require_once('C:\\xampp\\htdocs...')
#10 {main}
CRITICAL - 2021-05-25 09:21:18 --> {0} filter must have a matching alias defined.
#0 C:\xampp\htdocs\apotek-karya-husada\system\Filters\Filters.php(150): CodeIgniter\Filters\Exceptions\FilterException::forNoAlias('filter')
#1 C:\xampp\htdocs\apotek-karya-husada\system\CodeIgniter.php(424): CodeIgniter\Filters\Filters->run('login', 'after')
#2 C:\xampp\htdocs\apotek-karya-husada\system\CodeIgniter.php(314): CodeIgniter\CodeIgniter->handleRequest(NULL, Object(Config\Cache), false)
#3 C:\xampp\htdocs\apotek-karya-husada\public\index.php(45): CodeIgniter\CodeIgniter->run()
#4 C:\xampp\htdocs\apotek-karya-husada\system\Commands\Server\rewrite.php(34): require_once('C:\\xampp\\htdocs...')
#5 {main}
CRITICAL - 2021-05-25 09:21:22 --> {0} filter must have a matching alias defined.
#0 C:\xampp\htdocs\apotek-karya-husada\system\Filters\Filters.php(150): CodeIgniter\Filters\Exceptions\FilterException::forNoAlias('filter')
#1 C:\xampp\htdocs\apotek-karya-husada\system\CodeIgniter.php(424): CodeIgniter\Filters\Filters->run('login', 'after')
#2 C:\xampp\htdocs\apotek-karya-husada\system\CodeIgniter.php(314): CodeIgniter\CodeIgniter->handleRequest(NULL, Object(Config\Cache), false)
#3 C:\xampp\htdocs\apotek-karya-husada\public\index.php(45): CodeIgniter\CodeIgniter->run()
#4 C:\xampp\htdocs\apotek-karya-husada\system\Commands\Server\rewrite.php(34): require_once('C:\\xampp\\htdocs...')
#5 {main}
CRITICAL - 2021-05-25 09:22:29 --> {0} filter must have a matching alias defined.
#0 C:\xampp\htdocs\apotek-karya-husada\system\Filters\Filters.php(150): CodeIgniter\Filters\Exceptions\FilterException::forNoAlias('filter')
#1 C:\xampp\htdocs\apotek-karya-husada\system\CodeIgniter.php(424): CodeIgniter\Filters\Filters->run('login', 'after')
#2 C:\xampp\htdocs\apotek-karya-husada\system\CodeIgniter.php(314): CodeIgniter\CodeIgniter->handleRequest(NULL, Object(Config\Cache), false)
#3 C:\xampp\htdocs\apotek-karya-husada\public\index.php(45): CodeIgniter\CodeIgniter->run()
#4 C:\xampp\htdocs\apotek-karya-husada\system\Commands\Server\rewrite.php(34): require_once('C:\\xampp\\htdocs...')
#5 {main}
CRITICAL - 2021-05-25 09:22:33 --> {0} filter must have a matching alias defined.
#0 C:\xampp\htdocs\apotek-karya-husada\system\Filters\Filters.php(150): CodeIgniter\Filters\Exceptions\FilterException::forNoAlias('filter')
#1 C:\xampp\htdocs\apotek-karya-husada\system\CodeIgniter.php(384): CodeIgniter\Filters\Filters->run('/', 'before')
#2 C:\xampp\htdocs\apotek-karya-husada\system\CodeIgniter.php(314): CodeIgniter\CodeIgniter->handleRequest(NULL, Object(Config\Cache), false)
#3 C:\xampp\htdocs\apotek-karya-husada\public\index.php(45): CodeIgniter\CodeIgniter->run()
#4 C:\xampp\htdocs\apotek-karya-husada\system\Commands\Server\rewrite.php(34): require_once('C:\\xampp\\htdocs...')
#5 {main}
CRITICAL - 2021-05-25 09:23:47 --> {0} filter must have a matching alias defined.
#0 C:\xampp\htdocs\apotek-karya-husada\system\Filters\Filters.php(150): CodeIgniter\Filters\Exceptions\FilterException::forNoAlias('filter')
#1 C:\xampp\htdocs\apotek-karya-husada\system\CodeIgniter.php(384): CodeIgniter\Filters\Filters->run('/', 'before')
#2 C:\xampp\htdocs\apotek-karya-husada\system\CodeIgniter.php(314): CodeIgniter\CodeIgniter->handleRequest(NULL, Object(Config\Cache), false)
#3 C:\xampp\htdocs\apotek-karya-husada\public\index.php(45): CodeIgniter\CodeIgniter->run()
#4 C:\xampp\htdocs\apotek-karya-husada\system\Commands\Server\rewrite.php(34): require_once('C:\\xampp\\htdocs...')
#5 {main}
CRITICAL - 2021-05-25 09:23:48 --> {0} filter must have a matching alias defined.
#0 C:\xampp\htdocs\apotek-karya-husada\system\Filters\Filters.php(150): CodeIgniter\Filters\Exceptions\FilterException::forNoAlias('filter')
#1 C:\xampp\htdocs\apotek-karya-husada\system\CodeIgniter.php(384): CodeIgniter\Filters\Filters->run('/', 'before')
#2 C:\xampp\htdocs\apotek-karya-husada\system\CodeIgniter.php(314): CodeIgniter\CodeIgniter->handleRequest(NULL, Object(Config\Cache), false)
#3 C:\xampp\htdocs\apotek-karya-husada\public\index.php(45): CodeIgniter\CodeIgniter->run()
#4 C:\xampp\htdocs\apotek-karya-husada\system\Commands\Server\rewrite.php(34): require_once('C:\\xampp\\htdocs...')
#5 {main}
CRITICAL - 2021-05-25 09:23:57 --> {0} filter must have a matching alias defined.
#0 C:\xampp\htdocs\apotek-karya-husada\system\Filters\Filters.php(150): CodeIgniter\Filters\Exceptions\FilterException::forNoAlias('filter')
#1 C:\xampp\htdocs\apotek-karya-husada\system\CodeIgniter.php(384): CodeIgniter\Filters\Filters->run('/', 'before')
#2 C:\xampp\htdocs\apotek-karya-husada\system\CodeIgniter.php(314): CodeIgniter\CodeIgniter->handleRequest(NULL, Object(Config\Cache), false)
#3 C:\xampp\htdocs\apotek-karya-husada\public\index.php(45): CodeIgniter\CodeIgniter->run()
#4 C:\xampp\htdocs\apotek-karya-husada\system\Commands\Server\rewrite.php(34): require_once('C:\\xampp\\htdocs...')
#5 {main}
CRITICAL - 2021-05-25 09:23:58 --> {0} filter must have a matching alias defined.
#0 C:\xampp\htdocs\apotek-karya-husada\system\Filters\Filters.php(150): CodeIgniter\Filters\Exceptions\FilterException::forNoAlias('filter')
#1 C:\xampp\htdocs\apotek-karya-husada\system\CodeIgniter.php(384): CodeIgniter\Filters\Filters->run('/', 'before')
#2 C:\xampp\htdocs\apotek-karya-husada\system\CodeIgniter.php(314): CodeIgniter\CodeIgniter->handleRequest(NULL, Object(Config\Cache), false)
#3 C:\xampp\htdocs\apotek-karya-husada\public\index.php(45): CodeIgniter\CodeIgniter->run()
#4 C:\xampp\htdocs\apotek-karya-husada\system\Commands\Server\rewrite.php(34): require_once('C:\\xampp\\htdocs...')
#5 {main}
CRITICAL - 2021-05-25 09:24:08 --> {0} filter must have a matching alias defined.
#0 C:\xampp\htdocs\apotek-karya-husada\system\Filters\Filters.php(150): CodeIgniter\Filters\Exceptions\FilterException::forNoAlias('filter')
#1 C:\xampp\htdocs\apotek-karya-husada\system\CodeIgniter.php(384): CodeIgniter\Filters\Filters->run('/', 'before')
#2 C:\xampp\htdocs\apotek-karya-husada\system\CodeIgniter.php(314): CodeIgniter\CodeIgniter->handleRequest(NULL, Object(Config\Cache), false)
#3 C:\xampp\htdocs\apotek-karya-husada\public\index.php(45): CodeIgniter\CodeIgniter->run()
#4 C:\xampp\htdocs\apotek-karya-husada\system\Commands\Server\rewrite.php(34): require_once('C:\\xampp\\htdocs...')
#5 {main}
CRITICAL - 2021-05-25 09:24:09 --> {0} filter must have a matching alias defined.
#0 C:\xampp\htdocs\apotek-karya-husada\system\Filters\Filters.php(150): CodeIgniter\Filters\Exceptions\FilterException::forNoAlias('filter')
#1 C:\xampp\htdocs\apotek-karya-husada\system\CodeIgniter.php(384): CodeIgniter\Filters\Filters->run('/', 'before')
#2 C:\xampp\htdocs\apotek-karya-husada\system\CodeIgniter.php(314): CodeIgniter\CodeIgniter->handleRequest(NULL, Object(Config\Cache), false)
#3 C:\xampp\htdocs\apotek-karya-husada\public\index.php(45): CodeIgniter\CodeIgniter->run()
#4 C:\xampp\htdocs\apotek-karya-husada\system\Commands\Server\rewrite.php(34): require_once('C:\\xampp\\htdocs...')
#5 {main}
CRITICAL - 2021-05-25 09:24:23 --> {0} filter must have a matching alias defined.
#0 C:\xampp\htdocs\apotek-karya-husada\system\Filters\Filters.php(150): CodeIgniter\Filters\Exceptions\FilterException::forNoAlias('filter')
#1 C:\xampp\htdocs\apotek-karya-husada\system\CodeIgniter.php(384): CodeIgniter\Filters\Filters->run('/', 'before')
#2 C:\xampp\htdocs\apotek-karya-husada\system\CodeIgniter.php(314): CodeIgniter\CodeIgniter->handleRequest(NULL, Object(Config\Cache), false)
#3 C:\xampp\htdocs\apotek-karya-husada\public\index.php(45): CodeIgniter\CodeIgniter->run()
#4 C:\xampp\htdocs\apotek-karya-husada\system\Commands\Server\rewrite.php(34): require_once('C:\\xampp\\htdocs...')
#5 {main}
CRITICAL - 2021-05-25 21:57:44 --> syntax error, unexpected '(', expecting '{'
#0 C:\xampp\htdocs\apotek-karya-husada\system\Router\Router.php(195): CodeIgniter\Router\Router->autoRoute('laporan')
#1 C:\xampp\htdocs\apotek-karya-husada\system\CodeIgniter.php(795): CodeIgniter\Router\Router->handle('laporan')
#2 C:\xampp\htdocs\apotek-karya-husada\system\CodeIgniter.php(366): CodeIgniter\CodeIgniter->tryToRouteIt(Object(CodeIgniter\Router\RouteCollection))
#3 C:\xampp\htdocs\apotek-karya-husada\system\CodeIgniter.php(314): CodeIgniter\CodeIgniter->handleRequest(NULL, Object(Config\Cache), false)
#4 C:\xampp\htdocs\apotek-karya-husada\public\index.php(45): CodeIgniter\CodeIgniter->run()
#5 C:\xampp\htdocs\apotek-karya-husada\system\Commands\Server\rewrite.php(34): require_once('C:\\xampp\\htdocs...')
#6 {main}
CRITICAL - 2021-05-25 21:57:58 --> Invalid file: {0}
#0 C:\xampp\htdocs\apotek-karya-husada\system\View\View.php(228): CodeIgniter\Exceptions\FrameworkException::forInvalidFile('/admin/laporan/...')
#1 C:\xampp\htdocs\apotek-karya-husada\system\Common.php(1119): CodeIgniter\View\View->render('/admin/laporan/...', Array, true)
#2 C:\xampp\htdocs\apotek-karya-husada\app\Controllers\laporan.php(12): view('/admin/laporan/...')
#3 C:\xampp\htdocs\apotek-karya-husada\system\CodeIgniter.php(920): App\Controllers\Laporan->index()
#4 C:\xampp\htdocs\apotek-karya-husada\system\CodeIgniter.php(406): CodeIgniter\CodeIgniter->runController(Object(App\Controllers\Laporan))
#5 C:\xampp\htdocs\apotek-karya-husada\system\CodeIgniter.php(314): CodeIgniter\CodeIgniter->handleRequest(NULL, Object(Config\Cache), false)
#6 C:\xampp\htdocs\apotek-karya-husada\public\index.php(45): CodeIgniter\CodeIgniter->run()
#7 C:\xampp\htdocs\apotek-karya-husada\system\Commands\Server\rewrite.php(34): require_once('C:\\xampp\\htdocs...')
#8 {main}
CRITICAL - 2021-05-25 21:58:20 --> Undefined variable: title
#0 C:\xampp\htdocs\apotek-karya-husada\app\Views\layout\v_template.php(7): CodeIgniter\Debug\Exceptions->errorHandler(8, 'Undefined varia...', 'C:\\xampp\\htdocs...', 7, Array)
#1 C:\xampp\htdocs\apotek-karya-husada\system\View\View.php(246): include('C:\\xampp\\htdocs...')
#2 C:\xampp\htdocs\apotek-karya-husada\system\View\View.php(257): CodeIgniter\View\View->render('layout/v_templa...', Array, true)
#3 C:\xampp\htdocs\apotek-karya-husada\system\Common.php(1119): CodeIgniter\View\View->render('/admin/laporan/...', Array, true)
#4 C:\xampp\htdocs\apotek-karya-husada\app\Controllers\laporan.php(12): view('/admin/laporan/...')
#5 C:\xampp\htdocs\apotek-karya-husada\system\CodeIgniter.php(920): App\Controllers\Laporan->index()
#6 C:\xampp\htdocs\apotek-karya-husada\system\CodeIgniter.php(406): CodeIgniter\CodeIgniter->runController(Object(App\Controllers\Laporan))
#7 C:\xampp\htdocs\apotek-karya-husada\system\CodeIgniter.php(314): CodeIgniter\CodeIgniter->handleRequest(NULL, Object(Config\Cache), false)
#8 C:\xampp\htdocs\apotek-karya-husada\public\index.php(45): CodeIgniter\CodeIgniter->run()
#9 C:\xampp\htdocs\apotek-karya-husada\system\Commands\Server\rewrite.php(34): require_once('C:\\xampp\\htdocs...')
#10 {main}
CRITICAL - 2021-05-25 21:58:31 --> Undefined variable: uri
#0 C:\xampp\htdocs\apotek-karya-husada\app\Views\layout\v_template.php(27): CodeIgniter\Debug\Exceptions->errorHandler(8, 'Undefined varia...', 'C:\\xampp\\htdocs...', 27, Array)
#1 C:\xampp\htdocs\apotek-karya-husada\system\View\View.php(246): include('C:\\xampp\\htdocs...')
#2 C:\xampp\htdocs\apotek-karya-husada\system\View\View.php(257): CodeIgniter\View\View->render('layout/v_templa...', Array, true)
#3 C:\xampp\htdocs\apotek-karya-husada\system\Common.php(1119): CodeIgniter\View\View->render('/admin/laporan/...', Array, true)
#4 C:\xampp\htdocs\apotek-karya-husada\app\Controllers\laporan.php(12): view('/admin/laporan/...', Array)
#5 C:\xampp\htdocs\apotek-karya-husada\system\CodeIgniter.php(920): App\Controllers\Laporan->index()
#6 C:\xampp\htdocs\apotek-karya-husada\system\CodeIgniter.php(406): CodeIgniter\CodeIgniter->runController(Object(App\Controllers\Laporan))
#7 C:\xampp\htdocs\apotek-karya-husada\system\CodeIgniter.php(314): CodeIgniter\CodeIgniter->handleRequest(NULL, Object(Config\Cache), false)
#8 C:\xampp\htdocs\apotek-karya-husada\public\index.php(45): CodeIgniter\CodeIgniter->run()
#9 C:\xampp\htdocs\apotek-karya-husada\system\Commands\Server\rewrite.php(34): require_once('C:\\xampp\\htdocs...')
#10 {main}
CRITICAL - 2021-05-25 23:11:15 --> syntax error, unexpected '='
#0 C:\xampp\htdocs\apotek-karya-husada\system\Router\Router.php(195): CodeIgniter\Router\Router->autoRoute('admin/gantiPass')
#1 C:\xampp\htdocs\apotek-karya-husada\system\CodeIgniter.php(795): CodeIgniter\Router\Router->handle('admin/gantiPass')
#2 C:\xampp\htdocs\apotek-karya-husada\system\CodeIgniter.php(366): CodeIgniter\CodeIgniter->tryToRouteIt(Object(CodeIgniter\Router\RouteCollection))
#3 C:\xampp\htdocs\apotek-karya-husada\system\CodeIgniter.php(314): CodeIgniter\CodeIgniter->handleRequest(NULL, Object(Config\Cache), false)
#4 C:\xampp\htdocs\apotek-karya-husada\public\index.php(45): CodeIgniter\CodeIgniter->run()
#5 C:\xampp\htdocs\apotek-karya-husada\system\Commands\Server\rewrite.php(34): require_once('C:\\xampp\\htdocs...')
#6 {main}
CRITICAL - 2021-05-25 23:27:34 --> syntax error, unexpected 'if' (T_IF)
#0 C:\xampp\htdocs\apotek-karya-husada\system\Router\Router.php(195): CodeIgniter\Router\Router->autoRoute('admin/gantiPass')
#1 C:\xampp\htdocs\apotek-karya-husada\system\CodeIgniter.php(795): CodeIgniter\Router\Router->handle('admin/gantiPass')
#2 C:\xampp\htdocs\apotek-karya-husada\system\CodeIgniter.php(366): CodeIgniter\CodeIgniter->tryToRouteIt(Object(CodeIgniter\Router\RouteCollection))
#3 C:\xampp\htdocs\apotek-karya-husada\system\CodeIgniter.php(314): CodeIgniter\CodeIgniter->handleRequest(NULL, Object(Config\Cache), false)
#4 C:\xampp\htdocs\apotek-karya-husada\public\index.php(45): CodeIgniter\CodeIgniter->run()
#5 C:\xampp\htdocs\apotek-karya-husada\system\Commands\Server\rewrite.php(34): require_once('C:\\xampp\\htdocs...')
#6 {main}
CRITICAL - 2021-05-25 23:28:30 --> Cannot use object of type stdClass as array
#0 C:\xampp\htdocs\apotek-karya-husada\system\CodeIgniter.php(920): App\Controllers\Admin->gantiPassAksi()
#1 C:\xampp\htdocs\apotek-karya-husada\system\CodeIgniter.php(406): CodeIgniter\CodeIgniter->runController(Object(App\Controllers\Admin))
#2 C:\xampp\htdocs\apotek-karya-husada\system\CodeIgniter.php(314): CodeIgniter\CodeIgniter->handleRequest(NULL, Object(Config\Cache), false)
#3 C:\xampp\htdocs\apotek-karya-husada\public\index.php(45): CodeIgniter\CodeIgniter->run()
#4 C:\xampp\htdocs\apotek-karya-husada\system\Commands\Server\rewrite.php(34): require_once('C:\\xampp\\htdocs...')
#5 {main}
CRITICAL - 2021-05-25 23:45:35 --> syntax error, unexpected ';'
#0 C:\xampp\htdocs\apotek-karya-husada\system\Common.php(1119): CodeIgniter\View\View->render('login/v_ganti_p...', Array, true)
#1 C:\xampp\htdocs\apotek-karya-husada\app\Controllers\Admin.php(650): view('login/v_ganti_p...', Array)
#2 C:\xampp\htdocs\apotek-karya-husada\system\CodeIgniter.php(920): App\Controllers\Admin->gantiPass()
#3 C:\xampp\htdocs\apotek-karya-husada\system\CodeIgniter.php(406): CodeIgniter\CodeIgniter->runController(Object(App\Controllers\Admin))
#4 C:\xampp\htdocs\apotek-karya-husada\system\CodeIgniter.php(314): CodeIgniter\CodeIgniter->handleRequest(NULL, Object(Config\Cache), false)
#5 C:\xampp\htdocs\apotek-karya-husada\public\index.php(45): CodeIgniter\CodeIgniter->run()
#6 C:\xampp\htdocs\apotek-karya-husada\system\Commands\Server\rewrite.php(34): require_once('C:\\xampp\\htdocs...')
#7 {main}
