CRITICAL - 2021-06-15 17:27:27 --> Undefined property: stdClass::$total
#0 C:\xampp\htdocs\apotek-karya-husada\app\Views\admin\v_beranda.php(54): CodeIgniter\Debug\Exceptions->errorHandler(8, 'Undefined prope...', 'C:\\xampp\\htdocs...', 54, Array)
#1 C:\xampp\htdocs\apotek-karya-husada\system\View\View.php(246): include('C:\\xampp\\htdocs...')
#2 C:\xampp\htdocs\apotek-karya-husada\system\Common.php(1119): CodeIgniter\View\View->render('admin/v_beranda', Array, true)
#3 C:\xampp\htdocs\apotek-karya-husada\app\Controllers\Admin.php(54): view('admin/v_beranda', Array)
#4 C:\xampp\htdocs\apotek-karya-husada\system\CodeIgniter.php(920): App\Controllers\Admin->index()
#5 C:\xampp\htdocs\apotek-karya-husada\system\CodeIgniter.php(406): CodeIgniter\CodeIgniter->runController(Object(App\Controllers\Admin))
#6 C:\xampp\htdocs\apotek-karya-husada\system\CodeIgniter.php(314): CodeIgniter\CodeIgniter->handleRequest(NULL, Object(Config\Cache), false)
#7 C:\xampp\htdocs\apotek-karya-husada\public\index.php(45): CodeIgniter\CodeIgniter->run()
#8 C:\xampp\htdocs\apotek-karya-husada\system\Commands\Server\rewrite.php(34): require_once('C:\\xampp\\htdocs...')
#9 {main}
CRITICAL - 2021-06-15 17:28:40 --> Undefined variable: D
#0 C:\xampp\htdocs\apotek-karya-husada\app\Views\admin\v_beranda.php(54): CodeIgniter\Debug\Exceptions->errorHandler(8, 'Undefined varia...', 'C:\\xampp\\htdocs...', 54, Array)
#1 C:\xampp\htdocs\apotek-karya-husada\system\View\View.php(246): include('C:\\xampp\\htdocs...')
#2 C:\xampp\htdocs\apotek-karya-husada\system\Common.php(1119): CodeIgniter\View\View->render('admin/v_beranda', Array, true)
#3 C:\xampp\htdocs\apotek-karya-husada\app\Controllers\Admin.php(54): view('admin/v_beranda', Array)
#4 C:\xampp\htdocs\apotek-karya-husada\system\CodeIgniter.php(920): App\Controllers\Admin->index()
#5 C:\xampp\htdocs\apotek-karya-husada\system\CodeIgniter.php(406): CodeIgniter\CodeIgniter->runController(Object(App\Controllers\Admin))
#6 C:\xampp\htdocs\apotek-karya-husada\system\CodeIgniter.php(314): CodeIgniter\CodeIgniter->handleRequest(NULL, Object(Config\Cache), false)
#7 C:\xampp\htdocs\apotek-karya-husada\public\index.php(45): CodeIgniter\CodeIgniter->run()
#8 C:\xampp\htdocs\apotek-karya-husada\system\Commands\Server\rewrite.php(34): require_once('C:\\xampp\\htdocs...')
#9 {main}
CRITICAL - 2021-06-15 18:14:59 --> Undefined variable: bulanan
#0 C:\xampp\htdocs\apotek-karya-husada\app\Views\layout\v_template.php(152): CodeIgniter\Debug\Exceptions->errorHandler(8, 'Undefined varia...', 'C:\\xampp\\htdocs...', 152, Array)
#1 C:\xampp\htdocs\apotek-karya-husada\system\View\View.php(246): include('C:\\xampp\\htdocs...')
#2 C:\xampp\htdocs\apotek-karya-husada\system\View\View.php(257): CodeIgniter\View\View->render('layout/v_templa...', Array, true)
#3 C:\xampp\htdocs\apotek-karya-husada\system\Common.php(1119): CodeIgniter\View\View->render('admin/v_beranda', Array, true)
#4 C:\xampp\htdocs\apotek-karya-husada\app\Controllers\Admin.php(54): view('admin/v_beranda', Array)
#5 C:\xampp\htdocs\apotek-karya-husada\system\CodeIgniter.php(920): App\Controllers\Admin->index()
#6 C:\xampp\htdocs\apotek-karya-husada\system\CodeIgniter.php(406): CodeIgniter\CodeIgniter->runController(Object(App\Controllers\Admin))
#7 C:\xampp\htdocs\apotek-karya-husada\system\CodeIgniter.php(314): CodeIgniter\CodeIgniter->handleRequest(NULL, Object(Config\Cache), false)
#8 C:\xampp\htdocs\apotek-karya-husada\public\index.php(45): CodeIgniter\CodeIgniter->run()
#9 C:\xampp\htdocs\apotek-karya-husada\system\Commands\Server\rewrite.php(34): require_once('C:\\xampp\\htdocs...')
#10 {main}
CRITICAL - 2021-06-15 18:15:33 --> Undefined variable: bulanan
#0 C:\xampp\htdocs\apotek-karya-husada\app\Views\layout\v_template.php(152): CodeIgniter\Debug\Exceptions->errorHandler(8, 'Undefined varia...', 'C:\\xampp\\htdocs...', 152, Array)
#1 C:\xampp\htdocs\apotek-karya-husada\system\View\View.php(246): include('C:\\xampp\\htdocs...')
#2 C:\xampp\htdocs\apotek-karya-husada\system\View\View.php(257): CodeIgniter\View\View->render('layout/v_templa...', Array, true)
#3 C:\xampp\htdocs\apotek-karya-husada\system\Common.php(1119): CodeIgniter\View\View->render('admin/v_beranda', Array, true)
#4 C:\xampp\htdocs\apotek-karya-husada\app\Controllers\Admin.php(54): view('admin/v_beranda', Array)
#5 C:\xampp\htdocs\apotek-karya-husada\system\CodeIgniter.php(920): App\Controllers\Admin->index()
#6 C:\xampp\htdocs\apotek-karya-husada\system\CodeIgniter.php(406): CodeIgniter\CodeIgniter->runController(Object(App\Controllers\Admin))
#7 C:\xampp\htdocs\apotek-karya-husada\system\CodeIgniter.php(314): CodeIgniter\CodeIgniter->handleRequest(NULL, Object(Config\Cache), false)
#8 C:\xampp\htdocs\apotek-karya-husada\public\index.php(45): CodeIgniter\CodeIgniter->run()
#9 C:\xampp\htdocs\apotek-karya-husada\system\Commands\Server\rewrite.php(34): require_once('C:\\xampp\\htdocs...')
#10 {main}
CRITICAL - 2021-06-15 18:15:34 --> Undefined variable: bulanan
#0 C:\xampp\htdocs\apotek-karya-husada\app\Views\layout\v_template.php(152): CodeIgniter\Debug\Exceptions->errorHandler(8, 'Undefined varia...', 'C:\\xampp\\htdocs...', 152, Array)
#1 C:\xampp\htdocs\apotek-karya-husada\system\View\View.php(246): include('C:\\xampp\\htdocs...')
#2 C:\xampp\htdocs\apotek-karya-husada\system\View\View.php(257): CodeIgniter\View\View->render('layout/v_templa...', Array, true)
#3 C:\xampp\htdocs\apotek-karya-husada\system\Common.php(1119): CodeIgniter\View\View->render('admin/v_beranda', Array, true)
#4 C:\xampp\htdocs\apotek-karya-husada\app\Controllers\Admin.php(54): view('admin/v_beranda', Array)
#5 C:\xampp\htdocs\apotek-karya-husada\system\CodeIgniter.php(920): App\Controllers\Admin->index()
#6 C:\xampp\htdocs\apotek-karya-husada\system\CodeIgniter.php(406): CodeIgniter\CodeIgniter->runController(Object(App\Controllers\Admin))
#7 C:\xampp\htdocs\apotek-karya-husada\system\CodeIgniter.php(314): CodeIgniter\CodeIgniter->handleRequest(NULL, Object(Config\Cache), false)
#8 C:\xampp\htdocs\apotek-karya-husada\public\index.php(45): CodeIgniter\CodeIgniter->run()
#9 C:\xampp\htdocs\apotek-karya-husada\system\Commands\Server\rewrite.php(34): require_once('C:\\xampp\\htdocs...')
#10 {main}
CRITICAL - 2021-06-15 18:15:34 --> Undefined variable: bulanan
#0 C:\xampp\htdocs\apotek-karya-husada\app\Views\layout\v_template.php(152): CodeIgniter\Debug\Exceptions->errorHandler(8, 'Undefined varia...', 'C:\\xampp\\htdocs...', 152, Array)
#1 C:\xampp\htdocs\apotek-karya-husada\system\View\View.php(246): include('C:\\xampp\\htdocs...')
#2 C:\xampp\htdocs\apotek-karya-husada\system\View\View.php(257): CodeIgniter\View\View->render('layout/v_templa...', Array, true)
#3 C:\xampp\htdocs\apotek-karya-husada\system\Common.php(1119): CodeIgniter\View\View->render('admin/v_beranda', Array, true)
#4 C:\xampp\htdocs\apotek-karya-husada\app\Controllers\Admin.php(54): view('admin/v_beranda', Array)
#5 C:\xampp\htdocs\apotek-karya-husada\system\CodeIgniter.php(920): App\Controllers\Admin->index()
#6 C:\xampp\htdocs\apotek-karya-husada\system\CodeIgniter.php(406): CodeIgniter\CodeIgniter->runController(Object(App\Controllers\Admin))
#7 C:\xampp\htdocs\apotek-karya-husada\system\CodeIgniter.php(314): CodeIgniter\CodeIgniter->handleRequest(NULL, Object(Config\Cache), false)
#8 C:\xampp\htdocs\apotek-karya-husada\public\index.php(45): CodeIgniter\CodeIgniter->run()
#9 C:\xampp\htdocs\apotek-karya-husada\system\Commands\Server\rewrite.php(34): require_once('C:\\xampp\\htdocs...')
#10 {main}
CRITICAL - 2021-06-15 18:15:35 --> Undefined variable: bulanan
#0 C:\xampp\htdocs\apotek-karya-husada\app\Views\layout\v_template.php(152): CodeIgniter\Debug\Exceptions->errorHandler(8, 'Undefined varia...', 'C:\\xampp\\htdocs...', 152, Array)
#1 C:\xampp\htdocs\apotek-karya-husada\system\View\View.php(246): include('C:\\xampp\\htdocs...')
#2 C:\xampp\htdocs\apotek-karya-husada\system\View\View.php(257): CodeIgniter\View\View->render('layout/v_templa...', Array, true)
#3 C:\xampp\htdocs\apotek-karya-husada\system\Common.php(1119): CodeIgniter\View\View->render('admin/v_beranda', Array, true)
#4 C:\xampp\htdocs\apotek-karya-husada\app\Controllers\Admin.php(54): view('admin/v_beranda', Array)
#5 C:\xampp\htdocs\apotek-karya-husada\system\CodeIgniter.php(920): App\Controllers\Admin->index()
#6 C:\xampp\htdocs\apotek-karya-husada\system\CodeIgniter.php(406): CodeIgniter\CodeIgniter->runController(Object(App\Controllers\Admin))
#7 C:\xampp\htdocs\apotek-karya-husada\system\CodeIgniter.php(314): CodeIgniter\CodeIgniter->handleRequest(NULL, Object(Config\Cache), false)
#8 C:\xampp\htdocs\apotek-karya-husada\public\index.php(45): CodeIgniter\CodeIgniter->run()
#9 C:\xampp\htdocs\apotek-karya-husada\system\Commands\Server\rewrite.php(34): require_once('C:\\xampp\\htdocs...')
#10 {main}
CRITICAL - 2021-06-15 18:16:56 --> Undefined variable: db
#0 C:\xampp\htdocs\apotek-karya-husada\app\Views\layout\v_template.php(152): CodeIgniter\Debug\Exceptions->errorHandler(8, 'Undefined varia...', 'C:\\xampp\\htdocs...', 152, Array)
#1 C:\xampp\htdocs\apotek-karya-husada\system\View\View.php(246): include('C:\\xampp\\htdocs...')
#2 C:\xampp\htdocs\apotek-karya-husada\system\View\View.php(257): CodeIgniter\View\View->render('layout/v_templa...', Array, true)
#3 C:\xampp\htdocs\apotek-karya-husada\system\Common.php(1119): CodeIgniter\View\View->render('admin/v_beranda', Array, true)
#4 C:\xampp\htdocs\apotek-karya-husada\app\Controllers\Admin.php(54): view('admin/v_beranda', Array)
#5 C:\xampp\htdocs\apotek-karya-husada\system\CodeIgniter.php(920): App\Controllers\Admin->index()
#6 C:\xampp\htdocs\apotek-karya-husada\system\CodeIgniter.php(406): CodeIgniter\CodeIgniter->runController(Object(App\Controllers\Admin))
#7 C:\xampp\htdocs\apotek-karya-husada\system\CodeIgniter.php(314): CodeIgniter\CodeIgniter->handleRequest(NULL, Object(Config\Cache), false)
#8 C:\xampp\htdocs\apotek-karya-husada\public\index.php(45): CodeIgniter\CodeIgniter->run()
#9 C:\xampp\htdocs\apotek-karya-husada\system\Commands\Server\rewrite.php(34): require_once('C:\\xampp\\htdocs...')
#10 {main}
CRITICAL - 2021-06-15 18:17:44 --> syntax error, unexpected '?>'
#0 C:\xampp\htdocs\apotek-karya-husada\system\View\View.php(257): CodeIgniter\View\View->render('layout/v_templa...', Array, true)
#1 C:\xampp\htdocs\apotek-karya-husada\system\Common.php(1119): CodeIgniter\View\View->render('admin/v_beranda', Array, true)
#2 C:\xampp\htdocs\apotek-karya-husada\app\Controllers\Admin.php(54): view('admin/v_beranda', Array)
#3 C:\xampp\htdocs\apotek-karya-husada\system\CodeIgniter.php(920): App\Controllers\Admin->index()
#4 C:\xampp\htdocs\apotek-karya-husada\system\CodeIgniter.php(406): CodeIgniter\CodeIgniter->runController(Object(App\Controllers\Admin))
#5 C:\xampp\htdocs\apotek-karya-husada\system\CodeIgniter.php(314): CodeIgniter\CodeIgniter->handleRequest(NULL, Object(Config\Cache), false)
#6 C:\xampp\htdocs\apotek-karya-husada\public\index.php(45): CodeIgniter\CodeIgniter->run()
#7 C:\xampp\htdocs\apotek-karya-husada\system\Commands\Server\rewrite.php(34): require_once('C:\\xampp\\htdocs...')
#8 {main}
CRITICAL - 2021-06-15 18:30:20 --> syntax error, unexpected '}', expecting ',' or ';'
#0 C:\xampp\htdocs\apotek-karya-husada\system\View\View.php(257): CodeIgniter\View\View->render('layout/v_templa...', Array, true)
#1 C:\xampp\htdocs\apotek-karya-husada\system\Common.php(1119): CodeIgniter\View\View->render('admin/v_beranda', Array, true)
#2 C:\xampp\htdocs\apotek-karya-husada\app\Controllers\Admin.php(54): view('admin/v_beranda', Array)
#3 C:\xampp\htdocs\apotek-karya-husada\system\CodeIgniter.php(920): App\Controllers\Admin->index()
#4 C:\xampp\htdocs\apotek-karya-husada\system\CodeIgniter.php(406): CodeIgniter\CodeIgniter->runController(Object(App\Controllers\Admin))
#5 C:\xampp\htdocs\apotek-karya-husada\system\CodeIgniter.php(314): CodeIgniter\CodeIgniter->handleRequest(NULL, Object(Config\Cache), false)
#6 C:\xampp\htdocs\apotek-karya-husada\public\index.php(45): CodeIgniter\CodeIgniter->run()
#7 C:\xampp\htdocs\apotek-karya-husada\system\Commands\Server\rewrite.php(34): require_once('C:\\xampp\\htdocs...')
#8 {main}
CRITICAL - 2021-06-15 18:32:57 --> Trying to get property 'tgl_jual' of non-object
#0 C:\xampp\htdocs\apotek-karya-husada\app\Views\layout\v_template.php(155): CodeIgniter\Debug\Exceptions->errorHandler(8, 'Trying to get p...', 'C:\\xampp\\htdocs...', 155, Array)
#1 C:\xampp\htdocs\apotek-karya-husada\system\View\View.php(246): include('C:\\xampp\\htdocs...')
#2 C:\xampp\htdocs\apotek-karya-husada\system\View\View.php(257): CodeIgniter\View\View->render('layout/v_templa...', Array, true)
#3 C:\xampp\htdocs\apotek-karya-husada\system\Common.php(1119): CodeIgniter\View\View->render('admin/v_beranda', Array, true)
#4 C:\xampp\htdocs\apotek-karya-husada\app\Controllers\Admin.php(54): view('admin/v_beranda', Array)
#5 C:\xampp\htdocs\apotek-karya-husada\system\CodeIgniter.php(920): App\Controllers\Admin->index()
#6 C:\xampp\htdocs\apotek-karya-husada\system\CodeIgniter.php(406): CodeIgniter\CodeIgniter->runController(Object(App\Controllers\Admin))
#7 C:\xampp\htdocs\apotek-karya-husada\system\CodeIgniter.php(314): CodeIgniter\CodeIgniter->handleRequest(NULL, Object(Config\Cache), false)
#8 C:\xampp\htdocs\apotek-karya-husada\public\index.php(45): CodeIgniter\CodeIgniter->run()
#9 C:\xampp\htdocs\apotek-karya-husada\system\Commands\Server\rewrite.php(34): require_once('C:\\xampp\\htdocs...')
#10 {main}
CRITICAL - 2021-06-15 18:34:50 --> syntax error, unexpected end of file
#0 C:\xampp\htdocs\apotek-karya-husada\system\View\View.php(257): CodeIgniter\View\View->render('layout/v_templa...', Array, true)
#1 C:\xampp\htdocs\apotek-karya-husada\system\Common.php(1119): CodeIgniter\View\View->render('admin/v_beranda', Array, true)
#2 C:\xampp\htdocs\apotek-karya-husada\app\Controllers\Admin.php(54): view('admin/v_beranda', Array)
#3 C:\xampp\htdocs\apotek-karya-husada\system\CodeIgniter.php(920): App\Controllers\Admin->index()
#4 C:\xampp\htdocs\apotek-karya-husada\system\CodeIgniter.php(406): CodeIgniter\CodeIgniter->runController(Object(App\Controllers\Admin))
#5 C:\xampp\htdocs\apotek-karya-husada\system\CodeIgniter.php(314): CodeIgniter\CodeIgniter->handleRequest(NULL, Object(Config\Cache), false)
#6 C:\xampp\htdocs\apotek-karya-husada\public\index.php(45): CodeIgniter\CodeIgniter->run()
#7 C:\xampp\htdocs\apotek-karya-husada\system\Commands\Server\rewrite.php(34): require_once('C:\\xampp\\htdocs...')
#8 {main}
CRITICAL - 2021-06-15 18:38:48 --> Trying to get property 'total' of non-object
#0 C:\xampp\htdocs\apotek-karya-husada\app\Views\layout\v_template.php(160): CodeIgniter\Debug\Exceptions->errorHandler(8, 'Trying to get p...', 'C:\\xampp\\htdocs...', 160, Array)
#1 C:\xampp\htdocs\apotek-karya-husada\system\View\View.php(246): include('C:\\xampp\\htdocs...')
#2 C:\xampp\htdocs\apotek-karya-husada\system\View\View.php(257): CodeIgniter\View\View->render('layout/v_templa...', Array, true)
#3 C:\xampp\htdocs\apotek-karya-husada\system\Common.php(1119): CodeIgniter\View\View->render('admin/v_beranda', Array, true)
#4 C:\xampp\htdocs\apotek-karya-husada\app\Controllers\Admin.php(54): view('admin/v_beranda', Array)
#5 C:\xampp\htdocs\apotek-karya-husada\system\CodeIgniter.php(920): App\Controllers\Admin->index()
#6 C:\xampp\htdocs\apotek-karya-husada\system\CodeIgniter.php(406): CodeIgniter\CodeIgniter->runController(Object(App\Controllers\Admin))
#7 C:\xampp\htdocs\apotek-karya-husada\system\CodeIgniter.php(314): CodeIgniter\CodeIgniter->handleRequest(NULL, Object(Config\Cache), false)
#8 C:\xampp\htdocs\apotek-karya-husada\public\index.php(45): CodeIgniter\CodeIgniter->run()
#9 C:\xampp\htdocs\apotek-karya-husada\system\Commands\Server\rewrite.php(34): require_once('C:\\xampp\\htdocs...')
#10 {main}
CRITICAL - 2021-06-15 18:50:00 --> syntax error, unexpected ';', expecting ')'
#0 C:\xampp\htdocs\apotek-karya-husada\system\Common.php(1119): CodeIgniter\View\View->render('admin/v_beranda', Array, true)
#1 C:\xampp\htdocs\apotek-karya-husada\app\Controllers\Admin.php(54): view('admin/v_beranda', Array)
#2 C:\xampp\htdocs\apotek-karya-husada\system\CodeIgniter.php(920): App\Controllers\Admin->index()
#3 C:\xampp\htdocs\apotek-karya-husada\system\CodeIgniter.php(406): CodeIgniter\CodeIgniter->runController(Object(App\Controllers\Admin))
#4 C:\xampp\htdocs\apotek-karya-husada\system\CodeIgniter.php(314): CodeIgniter\CodeIgniter->handleRequest(NULL, Object(Config\Cache), false)
#5 C:\xampp\htdocs\apotek-karya-husada\public\index.php(45): CodeIgniter\CodeIgniter->run()
#6 C:\xampp\htdocs\apotek-karya-husada\system\Commands\Server\rewrite.php(34): require_once('C:\\xampp\\htdocs...')
#7 {main}
CRITICAL - 2021-06-15 18:50:12 --> number_format() expects parameter 1 to be float, array given
#0 [internal function]: CodeIgniter\Debug\Exceptions->errorHandler(2, 'number_format()...', 'C:\\xampp\\htdocs...', 70, Array)
#1 C:\xampp\htdocs\apotek-karya-husada\app\Views\admin\v_beranda.php(70): number_format(Array)
#2 C:\xampp\htdocs\apotek-karya-husada\system\View\View.php(246): include('C:\\xampp\\htdocs...')
#3 C:\xampp\htdocs\apotek-karya-husada\system\Common.php(1119): CodeIgniter\View\View->render('admin/v_beranda', Array, true)
#4 C:\xampp\htdocs\apotek-karya-husada\app\Controllers\Admin.php(54): view('admin/v_beranda', Array)
#5 C:\xampp\htdocs\apotek-karya-husada\system\CodeIgniter.php(920): App\Controllers\Admin->index()
#6 C:\xampp\htdocs\apotek-karya-husada\system\CodeIgniter.php(406): CodeIgniter\CodeIgniter->runController(Object(App\Controllers\Admin))
#7 C:\xampp\htdocs\apotek-karya-husada\system\CodeIgniter.php(314): CodeIgniter\CodeIgniter->handleRequest(NULL, Object(Config\Cache), false)
#8 C:\xampp\htdocs\apotek-karya-husada\public\index.php(45): CodeIgniter\CodeIgniter->run()
#9 C:\xampp\htdocs\apotek-karya-husada\system\Commands\Server\rewrite.php(34): require_once('C:\\xampp\\htdocs...')
#10 {main}
CRITICAL - 2021-06-15 18:50:34 --> number_format() expects parameter 1 to be float, array given
#0 [internal function]: CodeIgniter\Debug\Exceptions->errorHandler(2, 'number_format()...', 'C:\\xampp\\htdocs...', 70, Array)
#1 C:\xampp\htdocs\apotek-karya-husada\app\Views\admin\v_beranda.php(70): number_format(Array)
#2 C:\xampp\htdocs\apotek-karya-husada\system\View\View.php(246): include('C:\\xampp\\htdocs...')
#3 C:\xampp\htdocs\apotek-karya-husada\system\Common.php(1119): CodeIgniter\View\View->render('admin/v_beranda', Array, true)
#4 C:\xampp\htdocs\apotek-karya-husada\app\Controllers\Admin.php(54): view('admin/v_beranda', Array)
#5 C:\xampp\htdocs\apotek-karya-husada\system\CodeIgniter.php(920): App\Controllers\Admin->index()
#6 C:\xampp\htdocs\apotek-karya-husada\system\CodeIgniter.php(406): CodeIgniter\CodeIgniter->runController(Object(App\Controllers\Admin))
#7 C:\xampp\htdocs\apotek-karya-husada\system\CodeIgniter.php(314): CodeIgniter\CodeIgniter->handleRequest(NULL, Object(Config\Cache), false)
#8 C:\xampp\htdocs\apotek-karya-husada\public\index.php(45): CodeIgniter\CodeIgniter->run()
#9 C:\xampp\htdocs\apotek-karya-husada\system\Commands\Server\rewrite.php(34): require_once('C:\\xampp\\htdocs...')
#10 {main}
CRITICAL - 2021-06-15 18:51:07 --> number_format() expects parameter 1 to be float, array given
#0 [internal function]: CodeIgniter\Debug\Exceptions->errorHandler(2, 'number_format()...', 'C:\\xampp\\htdocs...', 70, Array)
#1 C:\xampp\htdocs\apotek-karya-husada\app\Views\admin\v_beranda.php(70): number_format(Array)
#2 C:\xampp\htdocs\apotek-karya-husada\system\View\View.php(246): include('C:\\xampp\\htdocs...')
#3 C:\xampp\htdocs\apotek-karya-husada\system\Common.php(1119): CodeIgniter\View\View->render('admin/v_beranda', Array, true)
#4 C:\xampp\htdocs\apotek-karya-husada\app\Controllers\Admin.php(54): view('admin/v_beranda', Array)
#5 C:\xampp\htdocs\apotek-karya-husada\system\CodeIgniter.php(920): App\Controllers\Admin->index()
#6 C:\xampp\htdocs\apotek-karya-husada\system\CodeIgniter.php(406): CodeIgniter\CodeIgniter->runController(Object(App\Controllers\Admin))
#7 C:\xampp\htdocs\apotek-karya-husada\system\CodeIgniter.php(314): CodeIgniter\CodeIgniter->handleRequest(NULL, Object(Config\Cache), false)
#8 C:\xampp\htdocs\apotek-karya-husada\public\index.php(45): CodeIgniter\CodeIgniter->run()
#9 C:\xampp\htdocs\apotek-karya-husada\system\Commands\Server\rewrite.php(34): require_once('C:\\xampp\\htdocs...')
#10 {main}
CRITICAL - 2021-06-15 18:51:23 --> number_format() expects parameter 1 to be float, array given
#0 [internal function]: CodeIgniter\Debug\Exceptions->errorHandler(2, 'number_format()...', 'C:\\xampp\\htdocs...', 70, Array)
#1 C:\xampp\htdocs\apotek-karya-husada\app\Views\admin\v_beranda.php(70): number_format(Array)
#2 C:\xampp\htdocs\apotek-karya-husada\system\View\View.php(246): include('C:\\xampp\\htdocs...')
#3 C:\xampp\htdocs\apotek-karya-husada\system\Common.php(1119): CodeIgniter\View\View->render('admin/v_beranda', Array, true)
#4 C:\xampp\htdocs\apotek-karya-husada\app\Controllers\Admin.php(54): view('admin/v_beranda', Array)
#5 C:\xampp\htdocs\apotek-karya-husada\system\CodeIgniter.php(920): App\Controllers\Admin->index()
#6 C:\xampp\htdocs\apotek-karya-husada\system\CodeIgniter.php(406): CodeIgniter\CodeIgniter->runController(Object(App\Controllers\Admin))
#7 C:\xampp\htdocs\apotek-karya-husada\system\CodeIgniter.php(314): CodeIgniter\CodeIgniter->handleRequest(NULL, Object(Config\Cache), false)
#8 C:\xampp\htdocs\apotek-karya-husada\public\index.php(45): CodeIgniter\CodeIgniter->run()
#9 C:\xampp\htdocs\apotek-karya-husada\system\Commands\Server\rewrite.php(34): require_once('C:\\xampp\\htdocs...')
#10 {main}
CRITICAL - 2021-06-15 18:51:34 --> number_format() expects parameter 1 to be float, array given
#0 [internal function]: CodeIgniter\Debug\Exceptions->errorHandler(2, 'number_format()...', 'C:\\xampp\\htdocs...', 70, Array)
#1 C:\xampp\htdocs\apotek-karya-husada\app\Views\admin\v_beranda.php(70): number_format(Array)
#2 C:\xampp\htdocs\apotek-karya-husada\system\View\View.php(246): include('C:\\xampp\\htdocs...')
#3 C:\xampp\htdocs\apotek-karya-husada\system\Common.php(1119): CodeIgniter\View\View->render('admin/v_beranda', Array, true)
#4 C:\xampp\htdocs\apotek-karya-husada\app\Controllers\Admin.php(54): view('admin/v_beranda', Array)
#5 C:\xampp\htdocs\apotek-karya-husada\system\CodeIgniter.php(920): App\Controllers\Admin->index()
#6 C:\xampp\htdocs\apotek-karya-husada\system\CodeIgniter.php(406): CodeIgniter\CodeIgniter->runController(Object(App\Controllers\Admin))
#7 C:\xampp\htdocs\apotek-karya-husada\system\CodeIgniter.php(314): CodeIgniter\CodeIgniter->handleRequest(NULL, Object(Config\Cache), false)
#8 C:\xampp\htdocs\apotek-karya-husada\public\index.php(45): CodeIgniter\CodeIgniter->run()
#9 C:\xampp\htdocs\apotek-karya-husada\system\Commands\Server\rewrite.php(34): require_once('C:\\xampp\\htdocs...')
#10 {main}
CRITICAL - 2021-06-15 18:55:17 --> Call to undefined function number_to_currency()
#0 C:\xampp\htdocs\apotek-karya-husada\system\View\View.php(246): include()
#1 C:\xampp\htdocs\apotek-karya-husada\system\View\View.php(257): CodeIgniter\View\View->render('layout/v_templa...', Array, true)
#2 C:\xampp\htdocs\apotek-karya-husada\system\Common.php(1119): CodeIgniter\View\View->render('admin/v_beranda', Array, true)
#3 C:\xampp\htdocs\apotek-karya-husada\app\Controllers\Admin.php(54): view('admin/v_beranda', Array)
#4 C:\xampp\htdocs\apotek-karya-husada\system\CodeIgniter.php(920): App\Controllers\Admin->index()
#5 C:\xampp\htdocs\apotek-karya-husada\system\CodeIgniter.php(406): CodeIgniter\CodeIgniter->runController(Object(App\Controllers\Admin))
#6 C:\xampp\htdocs\apotek-karya-husada\system\CodeIgniter.php(314): CodeIgniter\CodeIgniter->handleRequest(NULL, Object(Config\Cache), false)
#7 C:\xampp\htdocs\apotek-karya-husada\public\index.php(45): CodeIgniter\CodeIgniter->run()
#8 C:\xampp\htdocs\apotek-karya-husada\system\Commands\Server\rewrite.php(34): require_once('C:\\xampp\\htdocs...')
#9 {main}
