CRITICAL - 2021-04-16 02:43:01 --> Undefined variable: title
#0 C:\xampp\htdocs\apotek-karya-husada\app\Views\layout\v_template.php(7): CodeIgniter\Debug\Exceptions->errorHandler(8, 'Undefined varia...', 'C:\\xampp\\htdocs...', 7, Array)
#1 C:\xampp\htdocs\apotek-karya-husada\system\View\View.php(246): include('C:\\xampp\\htdocs...')
#2 C:\xampp\htdocs\apotek-karya-husada\system\View\View.php(257): CodeIgniter\View\View->render('layout/v_templa...', Array, true)
#3 C:\xampp\htdocs\apotek-karya-husada\system\Common.php(1119): CodeIgniter\View\View->render('admin/v_blankpa...', Array, true)
#4 C:\xampp\htdocs\apotek-karya-husada\app\Controllers\Admin.php(18): view('admin/v_blankpa...')
#5 C:\xampp\htdocs\apotek-karya-husada\system\CodeIgniter.php(920): App\Controllers\Admin->blankpage()
#6 C:\xampp\htdocs\apotek-karya-husada\system\CodeIgniter.php(406): CodeIgniter\CodeIgniter->runController(Object(App\Controllers\Admin))
#7 C:\xampp\htdocs\apotek-karya-husada\system\CodeIgniter.php(314): CodeIgniter\CodeIgniter->handleRequest(NULL, Object(Config\Cache), false)
#8 C:\xampp\htdocs\apotek-karya-husada\public\index.php(45): CodeIgniter\CodeIgniter->run()
#9 C:\xampp\htdocs\apotek-karya-husada\system\Commands\Server\rewrite.php(34): require_once('C:\\xampp\\htdocs...')
#10 {main}
CRITICAL - 2021-04-16 02:43:25 --> Undefined variable: title
#0 C:\xampp\htdocs\apotek-karya-husada\app\Views\layout\v_template.php(7): CodeIgniter\Debug\Exceptions->errorHandler(8, 'Undefined varia...', 'C:\\xampp\\htdocs...', 7, Array)
#1 C:\xampp\htdocs\apotek-karya-husada\system\View\View.php(246): include('C:\\xampp\\htdocs...')
#2 C:\xampp\htdocs\apotek-karya-husada\system\View\View.php(257): CodeIgniter\View\View->render('layout/v_templa...', Array, true)
#3 C:\xampp\htdocs\apotek-karya-husada\system\Common.php(1119): CodeIgniter\View\View->render('admin/v_blankpa...', Array, true)
#4 C:\xampp\htdocs\apotek-karya-husada\app\Controllers\Admin.php(18): view('admin/v_blankpa...')
#5 C:\xampp\htdocs\apotek-karya-husada\system\CodeIgniter.php(920): App\Controllers\Admin->blankpage()
#6 C:\xampp\htdocs\apotek-karya-husada\system\CodeIgniter.php(406): CodeIgniter\CodeIgniter->runController(Object(App\Controllers\Admin))
#7 C:\xampp\htdocs\apotek-karya-husada\system\CodeIgniter.php(314): CodeIgniter\CodeIgniter->handleRequest(NULL, Object(Config\Cache), false)
#8 C:\xampp\htdocs\apotek-karya-husada\public\index.php(45): CodeIgniter\CodeIgniter->run()
#9 C:\xampp\htdocs\apotek-karya-husada\system\Commands\Server\rewrite.php(34): require_once('C:\\xampp\\htdocs...')
#10 {main}
CRITICAL - 2021-04-16 02:43:26 --> Undefined variable: title
#0 C:\xampp\htdocs\apotek-karya-husada\app\Views\layout\v_template.php(7): CodeIgniter\Debug\Exceptions->errorHandler(8, 'Undefined varia...', 'C:\\xampp\\htdocs...', 7, Array)
#1 C:\xampp\htdocs\apotek-karya-husada\system\View\View.php(246): include('C:\\xampp\\htdocs...')
#2 C:\xampp\htdocs\apotek-karya-husada\system\View\View.php(257): CodeIgniter\View\View->render('layout/v_templa...', Array, true)
#3 C:\xampp\htdocs\apotek-karya-husada\system\Common.php(1119): CodeIgniter\View\View->render('admin/v_blankpa...', Array, true)
#4 C:\xampp\htdocs\apotek-karya-husada\app\Controllers\Admin.php(18): view('admin/v_blankpa...')
#5 C:\xampp\htdocs\apotek-karya-husada\system\CodeIgniter.php(920): App\Controllers\Admin->blankpage()
#6 C:\xampp\htdocs\apotek-karya-husada\system\CodeIgniter.php(406): CodeIgniter\CodeIgniter->runController(Object(App\Controllers\Admin))
#7 C:\xampp\htdocs\apotek-karya-husada\system\CodeIgniter.php(314): CodeIgniter\CodeIgniter->handleRequest(NULL, Object(Config\Cache), false)
#8 C:\xampp\htdocs\apotek-karya-husada\public\index.php(45): CodeIgniter\CodeIgniter->run()
#9 C:\xampp\htdocs\apotek-karya-husada\system\Commands\Server\rewrite.php(34): require_once('C:\\xampp\\htdocs...')
#10 {main}
