CRITICAL - 2021-06-09 09:01:40 --> You have an error in your SQL syntax; check the manual that corresponds to your MariaDB server version for the right syntax to use near ' time() + 60 * 60 * 14)' at line 1
#0 C:\xampp\htdocs\apotek-karya-husada\system\Database\MySQLi\Connection.php(331): mysqli->query('SELECT * FROM t...')
#1 C:\xampp\htdocs\apotek-karya-husada\system\Database\BaseConnection.php(741): CodeIgniter\Database\MySQLi\Connection->execute('SELECT * FROM t...')
#2 C:\xampp\htdocs\apotek-karya-husada\system\Database\BaseConnection.php(669): CodeIgniter\Database\BaseConnection->simpleQuery('SELECT * FROM t...')
#3 C:\xampp\htdocs\apotek-karya-husada\app\Views\admin\v_beranda.php(48): CodeIgniter\Database\BaseConnection->query('SELECT * FROM t...')
#4 C:\xampp\htdocs\apotek-karya-husada\system\View\View.php(246): include('C:\\xampp\\htdocs...')
#5 C:\xampp\htdocs\apotek-karya-husada\system\Common.php(1119): CodeIgniter\View\View->render('admin/v_beranda', Array, true)
#6 C:\xampp\htdocs\apotek-karya-husada\app\Controllers\Admin.php(54): view('admin/v_beranda', Array)
#7 C:\xampp\htdocs\apotek-karya-husada\system\CodeIgniter.php(920): App\Controllers\Admin->index()
#8 C:\xampp\htdocs\apotek-karya-husada\system\CodeIgniter.php(406): CodeIgniter\CodeIgniter->runController(Object(App\Controllers\Admin))
#9 C:\xampp\htdocs\apotek-karya-husada\system\CodeIgniter.php(314): CodeIgniter\CodeIgniter->handleRequest(NULL, Object(Config\Cache), false)
#10 C:\xampp\htdocs\apotek-karya-husada\public\index.php(45): CodeIgniter\CodeIgniter->run()
#11 C:\xampp\htdocs\apotek-karya-husada\system\Commands\Server\rewrite.php(34): require_once('C:\\xampp\\htdocs...')
#12 {main}
CRITICAL - 2021-06-09 09:01:45 --> You have an error in your SQL syntax; check the manual that corresponds to your MariaDB server version for the right syntax to use near ' time() + 60 * 60 * 14)' at line 1
#0 C:\xampp\htdocs\apotek-karya-husada\system\Database\MySQLi\Connection.php(331): mysqli->query('SELECT * FROM t...')
#1 C:\xampp\htdocs\apotek-karya-husada\system\Database\BaseConnection.php(741): CodeIgniter\Database\MySQLi\Connection->execute('SELECT * FROM t...')
#2 C:\xampp\htdocs\apotek-karya-husada\system\Database\BaseConnection.php(669): CodeIgniter\Database\BaseConnection->simpleQuery('SELECT * FROM t...')
#3 C:\xampp\htdocs\apotek-karya-husada\app\Views\admin\v_beranda.php(48): CodeIgniter\Database\BaseConnection->query('SELECT * FROM t...')
#4 C:\xampp\htdocs\apotek-karya-husada\system\View\View.php(246): include('C:\\xampp\\htdocs...')
#5 C:\xampp\htdocs\apotek-karya-husada\system\Common.php(1119): CodeIgniter\View\View->render('admin/v_beranda', Array, true)
#6 C:\xampp\htdocs\apotek-karya-husada\app\Controllers\Admin.php(54): view('admin/v_beranda', Array)
#7 C:\xampp\htdocs\apotek-karya-husada\system\CodeIgniter.php(920): App\Controllers\Admin->index()
#8 C:\xampp\htdocs\apotek-karya-husada\system\CodeIgniter.php(406): CodeIgniter\CodeIgniter->runController(Object(App\Controllers\Admin))
#9 C:\xampp\htdocs\apotek-karya-husada\system\CodeIgniter.php(314): CodeIgniter\CodeIgniter->handleRequest(NULL, Object(Config\Cache), false)
#10 C:\xampp\htdocs\apotek-karya-husada\public\index.php(45): CodeIgniter\CodeIgniter->run()
#11 C:\xampp\htdocs\apotek-karya-husada\system\Commands\Server\rewrite.php(34): require_once('C:\\xampp\\htdocs...')
#12 {main}
CRITICAL - 2021-06-09 09:02:58 --> Undefined variable: tgl
#0 C:\xampp\htdocs\apotek-karya-husada\app\Views\admin\v_beranda.php(48): CodeIgniter\Debug\Exceptions->errorHandler(8, 'Undefined varia...', 'C:\\xampp\\htdocs...', 48, Array)
#1 C:\xampp\htdocs\apotek-karya-husada\system\View\View.php(246): include('C:\\xampp\\htdocs...')
#2 C:\xampp\htdocs\apotek-karya-husada\system\Common.php(1119): CodeIgniter\View\View->render('admin/v_beranda', Array, true)
#3 C:\xampp\htdocs\apotek-karya-husada\app\Controllers\Admin.php(54): view('admin/v_beranda', Array)
#4 C:\xampp\htdocs\apotek-karya-husada\system\CodeIgniter.php(920): App\Controllers\Admin->index()
#5 C:\xampp\htdocs\apotek-karya-husada\system\CodeIgniter.php(406): CodeIgniter\CodeIgniter->runController(Object(App\Controllers\Admin))
#6 C:\xampp\htdocs\apotek-karya-husada\system\CodeIgniter.php(314): CodeIgniter\CodeIgniter->handleRequest(NULL, Object(Config\Cache), false)
#7 C:\xampp\htdocs\apotek-karya-husada\public\index.php(45): CodeIgniter\CodeIgniter->run()
#8 C:\xampp\htdocs\apotek-karya-husada\system\Commands\Server\rewrite.php(34): require_once('C:\\xampp\\htdocs...')
#9 {main}
